TN:
SF:src/server/logger.ts
FN:25,resolveLevel
FN:41,write
FN:45,buildEntry
FN:88,(anonymous_3)
FN:93,(anonymous_4)
FN:97,(anonymous_5)
FN:102,(anonymous_6)
FN:107,(anonymous_7)
FN:112,(anonymous_8)
FN:117,(anonymous_9)
FN:122,(anonymous_10)
FNF:11
FNH:5
FNDA:1,resolveLevel
FNDA:8,write
FNDA:8,buildEntry
FNDA:1,(anonymous_3)
FNDA:0,(anonymous_4)
FNDA:0,(anonymous_5)
FNDA:0,(anonymous_6)
FNDA:8,(anonymous_7)
FNDA:0,(anonymous_8)
FNDA:0,(anonymous_9)
FNDA:0,(anonymous_10)
DA:16,1
DA:26,1
DA:27,1
DA:30,1
DA:42,8
DA:51,8
DA:52,8
DA:53,8
DA:56,8
DA:58,8
DA:59,8
DA:61,0
DA:62,0
DA:66,8
DA:67,8
DA:68,0
DA:69,0
DA:71,0
DA:75,8
DA:85,1
DA:89,1
DA:94,0
DA:98,0
DA:99,0
DA:103,0
DA:104,0
DA:108,8
DA:109,8
DA:113,0
DA:114,0
DA:118,0
DA:119,0
DA:124,0
DA:129,1
LF:34
LH:19
BRDA:26,0,0,1
BRDA:26,0,1,1
BRDA:27,1,0,1
BRDA:27,1,1,0
BRDA:58,2,0,8
BRDA:58,2,1,0
BRDA:62,3,0,0
BRDA:62,3,1,0
BRDA:68,4,0,0
BRDA:68,4,1,0
BRDA:88,5,0,0
BRDA:98,6,0,0
BRDA:103,7,0,0
BRDA:108,8,0,0
BRDA:113,9,0,0
BRDA:118,10,0,0
BRDA:131,11,0,1
BRDA:131,11,1,0
BRF:18
BRH:5
end_of_record
TN:
SF:src/server/middleware/request-logger.ts
FN:23,requestLogger
FN:50,(anonymous_1)
FNF:2
FNH:0
FNDA:0,requestLogger
FNDA:0,(anonymous_1)
DA:9,0
DA:10,0
DA:23,0
DA:24,0
DA:25,0
DA:28,0
DA:31,0
DA:32,0
DA:33,0
DA:36,0
DA:38,0
DA:39,0
DA:50,0
DA:51,0
DA:52,0
DA:53,0
DA:54,0
DA:66,0
LF:18
LH:0
BRDA:24,0,0,0
BRDA:24,0,1,0
BRDA:38,1,0,0
BRDA:52,2,0,0
BRDA:52,2,1,0
BRDA:52,3,0,0
BRDA:52,3,1,0
BRDA:53,4,0,0
BRDA:53,5,0,0
BRDA:53,5,1,0
BRF:10
BRH:0
end_of_record
TN:
SF:src/server/services/chatroom-manager.ts
FN:5,(anonymous_0)
FN:9,(anonymous_1)
FN:13,(anonymous_2)
FN:22,(anonymous_3)
FN:31,(anonymous_4)
FN:36,(anonymous_5)
FNF:6
FNH:0
FNDA:0,(anonymous_0)
FNDA:0,(anonymous_1)
FNDA:0,(anonymous_2)
FNDA:0,(anonymous_3)
FNDA:0,(anonymous_4)
FNDA:0,(anonymous_5)
DA:4,0
DA:6,0
DA:10,0
DA:14,0
DA:18,0
DA:19,0
DA:23,0
DA:27,0
DA:28,0
DA:32,0
DA:33,0
DA:38,0
LF:12
LH:0
BRDA:18,0,0,0
BRDA:18,0,1,0
BRDA:27,1,0,0
BRDA:27,1,1,0
BRF:4
BRH:0
end_of_record
TN:
SF:src/server/services/gun-service.ts
FN:9,(anonymous_1)
FN:33,(anonymous_2)
FN:34,(anonymous_3)
FN:38,(anonymous_4)
FN:46,(anonymous_5)
FN:53,(anonymous_6)
FN:54,(anonymous_7)
FN:55,(anonymous_8)
FN:68,(anonymous_9)
FN:69,(anonymous_10)
FN:71,(anonymous_11)
FN:87,(anonymous_12)
FN:90,(anonymous_13)
FN:96,(anonymous_14)
FN:102,(anonymous_15)
FN:102,(anonymous_16)
FN:109,(anonymous_17)
FN:122,(anonymous_18)
FN:123,(anonymous_19)
FN:127,(anonymous_20)
FN:133,(anonymous_21)
FN:134,(anonymous_22)
FN:135,(anonymous_23)
FN:148,(anonymous_24)
FN:149,(anonymous_25)
FN:155,(anonymous_26)
FN:162,(anonymous_27)
FN:169,(anonymous_28)
FN:170,(anonymous_29)
FN:174,(anonymous_30)
FN:187,(anonymous_31)
FN:199,(anonymous_32)
FN:209,(anonymous_33)
FNF:33
FNH:2
FNDA:8,(anonymous_1)
FNDA:8,(anonymous_2)
FNDA:0,(anonymous_3)
FNDA:0,(anonymous_4)
FNDA:0,(anonymous_5)
FNDA:0,(anonymous_6)
FNDA:0,(anonymous_7)
FNDA:0,(anonymous_8)
FNDA:0,(anonymous_9)
FNDA:0,(anonymous_10)
FNDA:0,(anonymous_11)
FNDA:0,(anonymous_12)
FNDA:0,(anonymous_13)
FNDA:0,(anonymous_14)
FNDA:0,(anonymous_15)
FNDA:0,(anonymous_16)
FNDA:0,(anonymous_17)
FNDA:0,(anonymous_18)
FNDA:0,(anonymous_19)
FNDA:0,(anonymous_20)
FNDA:0,(anonymous_21)
FNDA:0,(anonymous_22)
FNDA:0,(anonymous_23)
FNDA:0,(anonymous_24)
FNDA:0,(anonymous_25)
FNDA:0,(anonymous_26)
FNDA:0,(anonymous_27)
FNDA:0,(anonymous_28)
FNDA:0,(anonymous_29)
FNDA:0,(anonymous_30)
FNDA:0,(anonymous_31)
FNDA:0,(anonymous_32)
FNDA:0,(anonymous_33)
DA:1,1
DA:2,1
DA:3,1
DA:5,1
DA:10,8
DA:12,0
DA:13,0
DA:14,0
DA:17,8
DA:21,8
DA:27,8
DA:30,8
DA:34,8
DA:35,0
DA:38,8
DA:39,0
DA:47,0
DA:54,0
DA:55,0
DA:56,0
DA:57,0
DA:59,0
DA:69,0
DA:70,0
DA:72,0
DA:73,0
DA:75,0
DA:88,0
DA:89,0
DA:91,0
DA:92,0
DA:93,0
DA:95,0
DA:97,0
DA:102,0
DA:110,0
DA:111,0
DA:112,0
DA:113,0
DA:115,0
DA:116,0
DA:123,0
DA:124,0
DA:127,0
DA:134,0
DA:135,0
DA:136,0
DA:137,0
DA:139,0
DA:149,0
DA:150,0
DA:152,0
DA:156,0
DA:157,0
DA:162,0
DA:170,0
DA:171,0
DA:175,0
DA:176,0
DA:178,0
DA:193,0
DA:200,0
DA:210,0
DA:212,0
LF:64
LH:11
BRDA:10,0,0,0
BRDA:10,0,1,8
BRDA:17,1,0,8
BRDA:17,1,1,0
BRDA:25,2,0,8
BRDA:25,2,1,8
BRDA:56,3,0,0
BRDA:56,3,1,0
BRDA:72,4,0,0
BRDA:72,4,1,0
BRDA:88,5,0,0
BRDA:110,6,0,0
BRDA:136,7,0,0
BRDA:136,7,1,0
BRDA:156,8,0,0
BRDA:175,9,0,0
BRDA:175,9,1,0
BRDA:202,10,0,0
BRDA:202,10,1,0
BRDA:210,11,0,0
BRDA:210,12,0,0
BRDA:210,12,1,0
BRF:22
BRH:4
end_of_record
TN:
SF:src/server/services/reputation-service.ts
FN:6,(anonymous_0)
FN:8,(anonymous_1)
FN:18,(anonymous_2)
FN:23,(anonymous_3)
FNF:4
FNH:2
FNDA:8,(anonymous_0)
FNDA:2,(anonymous_1)
FNDA:0,(anonymous_2)
FNDA:0,(anonymous_3)
DA:2,1
DA:5,1
DA:6,8
DA:9,2
DA:10,2
DA:15,2
DA:19,0
DA:20,0
DA:24,0
LF:9
LH:6
BRDA:8,0,0,2
BRF:1
BRH:1
end_of_record
TN:
SF:src/server/services/talk-service.ts
FN:10,(anonymous_0)
FN:15,(anonymous_1)
FN:38,(anonymous_2)
FN:67,(anonymous_3)
FN:71,(anonymous_4)
FN:85,(anonymous_5)
FN:123,(anonymous_6)
FN:152,(anonymous_7)
FN:173,(anonymous_8)
FN:178,(anonymous_9)
FN:225,(anonymous_10)
FNF:11
FNH:2
FNDA:8,(anonymous_0)
FNDA:2,(anonymous_1)
FNDA:0,(anonymous_2)
FNDA:0,(anonymous_3)
FNDA:0,(anonymous_4)
FNDA:0,(anonymous_5)
FNDA:0,(anonymous_6)
FNDA:0,(anonymous_7)
FNDA:0,(anonymous_8)
FNDA:0,(anonymous_9)
FNDA:0,(anonymous_10)
DA:2,1
DA:5,1
DA:6,1
DA:7,1
DA:9,1
DA:11,8
DA:12,8
DA:16,2
DA:29,2
DA:32,2
DA:34,1
DA:35,1
DA:44,0
DA:59,0
DA:62,0
DA:64,0
DA:68,0
DA:72,0
DA:81,0
DA:82,0
DA:100,0
DA:109,0
DA:116,0
DA:119,0
DA:121,0
DA:123,0
DA:128,0
DA:129,0
DA:131,0
DA:132,0
DA:133,0
DA:134,0
DA:139,0
DA:140,0
DA:144,0
DA:146,0
DA:149,0
DA:152,0
DA:153,0
DA:154,0
DA:158,0
DA:159,0
DA:160,0
DA:163,0
DA:166,0
DA:169,0
DA:170,0
DA:173,0
DA:174,0
DA:175,0
DA:178,0
DA:179,0
DA:180,0
DA:184,0
DA:185,0
DA:186,0
DA:187,0
DA:188,0
DA:189,0
DA:190,0
DA:191,0
DA:192,0
DA:196,0
DA:197,0
DA:198,0
DA:207,0
DA:208,0
DA:211,0
DA:212,0
DA:213,0
DA:214,0
DA:215,0
DA:224,0
DA:226,0
DA:232,0
DA:235,0
LF:76
LH:12
BRDA:18,0,0,2
BRDA:18,0,1,0
BRDA:19,1,0,2
BRDA:19,1,1,0
BRDA:20,2,0,2
BRDA:20,2,1,0
BRDA:21,3,0,2
BRDA:21,3,1,2
BRDA:22,4,0,2
BRDA:22,4,1,0
BRDA:23,5,0,2
BRDA:23,5,1,2
BRDA:24,6,0,2
BRDA:24,6,1,0
BRDA:26,7,0,2
BRDA:26,7,1,2
BRDA:29,8,0,2
BRDA:29,8,1,2
BRDA:128,9,0,0
BRDA:129,10,0,0
BRDA:129,10,1,0
BRDA:144,11,0,0
BRDA:153,12,0,0
BRDA:158,13,0,0
BRDA:158,13,1,0
BRDA:169,14,0,0
BRDA:169,15,0,0
BRDA:169,15,1,0
BRDA:174,16,0,0
BRDA:179,17,0,0
BRDA:184,18,0,0
BRDA:184,18,1,0
BRDA:187,19,0,0
BRDA:187,19,1,0
BRDA:190,20,0,0
BRDA:196,21,0,0
BRDA:196,22,0,0
BRDA:196,22,1,0
BRDA:196,22,2,0
BRDA:211,23,0,0
BRDA:211,24,0,0
BRDA:211,24,1,0
BRF:42
BRH:13
end_of_record
TN:
SF:src/server/services/user-service.ts
FN:6,(anonymous_0)
FN:8,(anonymous_1)
FN:42,(anonymous_2)
FN:52,(anonymous_3)
FN:61,(anonymous_4)
FN:65,(anonymous_5)
FN:72,(anonymous_6)
FN:74,(anonymous_7)
FN:81,(anonymous_8)
FN:89,(anonymous_9)
FN:93,(anonymous_10)
FN:97,(anonymous_11)
FN:101,(anonymous_12)
FNF:13
FNH:3
FNDA:8,(anonymous_0)
FNDA:2,(anonymous_1)
FNDA:0,(anonymous_2)
FNDA:0,(anonymous_3)
FNDA:0,(anonymous_4)
FNDA:0,(anonymous_5)
FNDA:0,(anonymous_6)
FNDA:0,(anonymous_7)
FNDA:0,(anonymous_8)
FNDA:0,(anonymous_9)
FNDA:2,(anonymous_10)
FNDA:0,(anonymous_11)
FNDA:0,(anonymous_12)
DA:3,1
DA:5,1
DA:6,8
DA:10,2
DA:38,2
DA:39,2
DA:43,0
DA:48,0
DA:49,0
DA:50,0
DA:51,0
DA:52,0
DA:55,0
DA:62,0
DA:63,0
DA:64,0
DA:65,0
DA:66,0
DA:73,0
DA:74,0
DA:75,0
DA:76,0
DA:82,0
DA:83,0
DA:89,0
DA:94,2
DA:98,0
DA:102,0
LF:28
LH:7
BRDA:11,0,0,2
BRDA:11,0,1,2
BRDA:12,1,0,2
BRDA:12,1,1,0
BRDA:13,2,0,2
BRDA:13,2,1,0
BRDA:14,3,0,2
BRDA:14,3,1,1
BRDA:15,4,0,2
BRDA:15,4,1,2
BRDA:28,5,0,2
BRDA:28,5,1,2
BRDA:29,6,0,2
BRDA:29,6,1,0
BRDA:30,7,0,2
BRDA:30,7,1,1
BRDA:33,8,0,2
BRDA:33,8,1,2
BRDA:34,9,0,0
BRDA:34,9,1,2
BRDA:35,10,0,0
BRDA:35,10,1,2
BRDA:52,11,0,0
BRDA:52,11,1,0
BRDA:65,12,0,0
BRDA:65,12,1,0
BRDA:82,13,0,0
BRDA:82,14,0,0
BRDA:82,14,1,0
BRDA:82,14,2,0
BRDA:84,15,0,0
BRDA:84,15,1,0
BRF:32
BRH:17
end_of_record
TN:
SF:src/shared/chatroom-hierarchy.ts
FN:151,getAllChatroomIds
FN:154,traverse
FN:157,(anonymous_2)
FN:178,getFlatChatroomList
FN:181,traverse
FN:199,(anonymous_5)
FNF:6
FNH:0
FNDA:0,getAllChatroomIds
FNDA:0,traverse
FNDA:0,(anonymous_2)
FNDA:0,getFlatChatroomList
FNDA:0,traverse
FNDA:0,(anonymous_5)
DA:18,0
DA:151,0
DA:152,0
DA:155,0
DA:156,0
DA:157,0
DA:161,0
DA:162,0
DA:178,0
DA:179,0
DA:182,0
DA:192,0
DA:193,0
DA:196,0
DA:198,0
DA:199,0
DA:203,0
DA:204,0
LF:18
LH:0
BRDA:156,0,0,0
BRDA:188,1,0,0
BRDA:188,1,1,0
BRDA:192,2,0,0
BRDA:198,3,0,0
BRF:5
BRH:0
end_of_record
TN:
SF:src/shared/config.js
FNF:0
FNH:0
DA:2,0
DA:3,0
DA:4,0
LF:3
LH:0
BRDA:42,0,0,0
BRDA:42,0,1,0
BRF:2
BRH:0
end_of_record
TN:
SF:src/shared/config.ts
FN:2,(anonymous_0)
FN:21,(anonymous_1)
FNF:2
FNH:2
FNDA:8,(anonymous_0)
FNDA:4,(anonymous_1)
DA:2,2
DA:3,8
DA:4,8
DA:6,0
DA:11,2
DA:21,2
DA:22,4
DA:23,4
DA:24,4
DA:25,4
DA:27,0
DA:31,2
LF:12
LH:10
BRDA:3,0,0,8
BRDA:3,1,0,8
BRDA:3,1,1,8
BRDA:4,2,0,8
BRDA:4,2,1,6
BRDA:11,3,0,2
BRDA:11,3,1,2
BRDA:11,3,2,2
BRDA:11,3,3,2
BRDA:22,4,0,0
BRDA:23,5,0,0
BRDA:23,6,0,4
BRDA:23,6,1,4
BRDA:34,7,0,2
BRDA:34,7,1,2
BRDA:34,8,0,0
BRDA:34,8,1,2
BRDA:38,9,0,2
BRDA:38,9,1,2
BRDA:38,10,0,0
BRDA:38,10,1,2
BRF:21
BRH:17
end_of_record
TN:
SF:src/shared/errors.js
FN:6,(anonymous_0)
FN:15,(anonymous_1)
FN:23,(anonymous_2)
FN:31,(anonymous_3)
FN:40,(anonymous_4)
FNF:5
FNH:0
FNDA:0,(anonymous_0)
FNDA:0,(anonymous_1)
FNDA:0,(anonymous_2)
FNDA:0,(anonymous_3)
FNDA:0,(anonymous_4)
DA:2,0
DA:3,0
DA:7,0
DA:8,0
DA:9,0
DA:12,0
DA:16,0
DA:17,0
DA:18,0
DA:21,0
DA:24,0
DA:25,0
DA:28,0
DA:32,0
DA:33,0
DA:34,0
DA:37,0
DA:41,0
DA:42,0
DA:43,0
DA:46,0
LF:21
LH:0
BRF:0
BRH:0
end_of_record
TN:
SF:src/shared/errors.ts
FN:2,(anonymous_0)
FN:9,(anonymous_1)
FN:16,(anonymous_2)
FN:23,(anonymous_3)
FN:30,(anonymous_4)
FNF:5
FNH:2
FNDA:14,(anonymous_0)
FNDA:2,(anonymous_1)
FNDA:0,(anonymous_2)
FNDA:0,(anonymous_3)
FNDA:0,(anonymous_4)
DA:1,3
DA:2,14
DA:3,14
DA:4,14
DA:8,3
DA:9,2
DA:10,2
DA:11,2
DA:15,3
DA:17,0
DA:18,0
DA:22,3
DA:23,0
DA:24,0
DA:25,0
DA:29,3
DA:30,0
DA:31,0
DA:32,0
LF:19
LH:11
BRF:0
BRH:0
end_of_record
TN:
SF:src/shared/flattened-answer-keys.ts
FN:17,buildAnswerPreferenceLookupKey
FN:41,(anonymous_1)
FN:50,sessionAnswersToQAPairs
FN:56,(anonymous_3)
FNF:4
FNH:4
FNDA:6,buildAnswerPreferenceLookupKey
FNDA:2,(anonymous_1)
FNDA:1,sessionAnswersToQAPairs
FNDA:1,(anonymous_3)
DA:6,1
DA:17,1
DA:24,6
DA:25,6
DA:26,6
DA:27,6
DA:29,6
DA:30,2
DA:31,2
DA:34,4
DA:35,2
DA:36,2
DA:39,2
DA:41,2
DA:47,2
DA:50,1
DA:54,1
DA:55,1
DA:56,1
DA:57,1
DA:62,1
LF:21
LH:21
BRDA:25,0,0,6
BRDA:25,0,1,0
BRDA:26,1,0,6
BRDA:26,1,1,0
BRDA:27,2,0,6
BRDA:27,2,1,4
BRDA:29,3,0,2
BRDA:34,4,0,2
BRDA:58,5,0,1
BRDA:58,5,1,0
BRDA:59,6,0,1
BRDA:59,6,1,0
BRF:12
BRH:8
end_of_record
TN:
SF:src/shared/incoming-talk-ids.ts
FN:12,isValidTalkId
FN:19,isTalkUuid
FN:23,isTalkIdMapKey
FN:27,visitTalkIdsNode
FN:48,collectTalkIdTimestamps
FN:54,firstLastTalkIdFromSenders
FN:77,pickLatestTalkIdFromIncomingCluster
FN:92,(anonymous_7)
FNF:8
FNH:0
FNDA:0,isValidTalkId
FNDA:0,isTalkUuid
FNDA:0,isTalkIdMapKey
FNDA:0,visitTalkIdsNode
FNDA:0,collectTalkIdTimestamps
FNDA:0,firstLastTalkIdFromSenders
FNDA:0,pickLatestTalkIdFromIncomingCluster
FNDA:0,(anonymous_7)
DA:5,0
DA:9,0
DA:12,0
DA:13,0
DA:14,0
DA:15,0
DA:19,0
DA:20,0
DA:24,0
DA:28,0
DA:29,0
DA:30,0
DA:31,0
DA:32,0
DA:33,0
DA:35,0
DA:37,0
DA:38,0
DA:39,0
DA:40,0
DA:41,0
DA:42,0
DA:48,0
DA:49,0
DA:50,0
DA:51,0
DA:55,0
DA:56,0
DA:57,0
DA:58,0
DA:59,0
DA:60,0
DA:61,0
DA:64,0
DA:65,0
DA:68,0
DA:69,0
DA:70,0
DA:73,0
DA:77,0
DA:83,0
DA:86,0
DA:88,0
DA:89,0
DA:90,0
DA:91,0
DA:92,0
DA:95,0
LF:48
LH:0
BRDA:13,0,0,0
BRDA:15,1,0,0
BRDA:15,1,1,0
BRDA:24,2,0,0
BRDA:24,2,1,0
BRDA:28,3,0,0
BRDA:28,4,0,0
BRDA:28,4,1,0
BRDA:30,5,0,0
BRDA:31,6,0,0
BRDA:31,6,1,0
BRDA:33,7,0,0
BRDA:38,8,0,0
BRDA:39,9,0,0
BRDA:39,9,1,0
BRDA:40,10,0,0
BRDA:40,10,1,0
BRDA:40,11,0,0
BRDA:40,11,1,0
BRDA:40,11,2,0
BRDA:41,12,0,0
BRDA:41,13,0,0
BRDA:41,13,1,0
BRDA:55,14,0,0
BRDA:55,15,0,0
BRDA:55,15,1,0
BRDA:58,16,0,0
BRDA:58,16,1,0
BRDA:59,17,0,0
BRDA:59,17,1,0
BRDA:61,18,0,0
BRDA:65,19,0,0
BRDA:69,20,0,0
BRDA:69,21,0,0
BRDA:69,21,1,0
BRDA:69,21,2,0
BRDA:83,22,0,0
BRDA:83,22,1,0
BRDA:83,23,0,0
BRDA:83,23,1,0
BRDA:86,24,0,0
BRDA:86,25,0,0
BRDA:86,25,1,0
BRDA:90,26,0,0
BRDA:92,27,0,0
BRDA:92,27,1,0
BRDA:92,28,0,0
BRDA:92,28,1,0
BRF:48
BRH:0
end_of_record
TN:
SF:src/shared/location-to-chatroom.ts
FN:14,getLocationChatroomPath
FN:40,getContinentFromCoordinates
FN:78,getCountryFromCoordinates
FN:146,getParentChatroom
FN:154,traverse
FN:179,findAppropriateChildChatroom
FNF:6
FNH:0
FNDA:0,getLocationChatroomPath
FNDA:0,getContinentFromCoordinates
FNDA:0,getCountryFromCoordinates
FNDA:0,getParentChatroom
FNDA:0,traverse
FNDA:0,findAppropriateChildChatroom
DA:7,0
DA:14,0
DA:15,0
DA:18,0
DA:21,0
DA:24,0
DA:26,0
DA:27,0
DA:30,0
DA:31,0
DA:34,0
DA:42,0
DA:43,0
DA:47,0
DA:48,0
DA:52,0
DA:53,0
DA:57,0
DA:58,0
DA:62,0
DA:63,0
DA:67,0
DA:68,0
DA:72,0
DA:80,0
DA:81,0
DA:85,0
DA:86,0
DA:90,0
DA:91,0
DA:95,0
DA:96,0
DA:100,0
DA:101,0
DA:105,0
DA:106,0
DA:110,0
DA:111,0
DA:115,0
DA:116,0
DA:120,0
DA:121,0
DA:125,0
DA:126,0
DA:130,0
DA:131,0
DA:135,0
DA:136,0
DA:139,0
DA:146,0
DA:147,0
DA:148,0
DA:152,0
DA:155,0
DA:156,0
DA:157,0
DA:160,0
DA:161,0
DA:162,0
DA:163,0
DA:168,0
DA:171,0
DA:172,0
DA:179,0
DA:184,0
DA:187,0
DA:190,0
DA:191,0
DA:195,0
LF:69
LH:0
BRDA:26,0,0,0
BRDA:30,1,0,0
BRDA:42,2,0,0
BRDA:42,3,0,0
BRDA:42,3,1,0
BRDA:42,3,2,0
BRDA:42,3,3,0
BRDA:47,4,0,0
BRDA:47,5,0,0
BRDA:47,5,1,0
BRDA:47,5,2,0
BRDA:47,5,3,0
BRDA:52,6,0,0
BRDA:52,7,0,0
BRDA:52,7,1,0
BRDA:52,7,2,0
BRDA:52,7,3,0
BRDA:57,8,0,0
BRDA:57,9,0,0
BRDA:57,9,1,0
BRDA:57,9,2,0
BRDA:57,9,3,0
BRDA:62,10,0,0
BRDA:62,11,0,0
BRDA:62,11,1,0
BRDA:62,11,2,0
BRDA:62,11,3,0
BRDA:67,12,0,0
BRDA:67,13,0,0
BRDA:67,13,1,0
BRDA:67,13,2,0
BRDA:67,13,3,0
BRDA:80,14,0,0
BRDA:80,15,0,0
BRDA:80,15,1,0
BRDA:80,15,2,0
BRDA:80,15,3,0
BRDA:85,16,0,0
BRDA:85,17,0,0
BRDA:85,17,1,0
BRDA:85,17,2,0
BRDA:85,17,3,0
BRDA:90,18,0,0
BRDA:90,19,0,0
BRDA:90,19,1,0
BRDA:90,19,2,0
BRDA:90,19,3,0
BRDA:95,20,0,0
BRDA:95,21,0,0
BRDA:95,21,1,0
BRDA:95,21,2,0
BRDA:95,21,3,0
BRDA:100,22,0,0
BRDA:100,23,0,0
BRDA:100,23,1,0
BRDA:100,23,2,0
BRDA:100,23,3,0
BRDA:105,24,0,0
BRDA:105,25,0,0
BRDA:105,25,1,0
BRDA:105,25,2,0
BRDA:105,25,3,0
BRDA:110,26,0,0
BRDA:110,27,0,0
BRDA:110,27,1,0
BRDA:110,27,2,0
BRDA:110,27,3,0
BRDA:115,28,0,0
BRDA:115,29,0,0
BRDA:115,29,1,0
BRDA:115,29,2,0
BRDA:115,29,3,0
BRDA:120,30,0,0
BRDA:120,31,0,0
BRDA:120,31,1,0
BRDA:120,31,2,0
BRDA:120,31,3,0
BRDA:125,32,0,0
BRDA:125,33,0,0
BRDA:125,33,1,0
BRDA:125,33,2,0
BRDA:125,33,3,0
BRDA:130,34,0,0
BRDA:130,35,0,0
BRDA:130,35,1,0
BRDA:130,35,2,0
BRDA:130,35,3,0
BRDA:135,36,0,0
BRDA:135,37,0,0
BRDA:135,37,1,0
BRDA:135,37,2,0
BRDA:135,37,3,0
BRDA:147,38,0,0
BRDA:155,39,0,0
BRDA:160,40,0,0
BRDA:162,41,0,0
BRDA:190,42,0,0
BRDA:190,43,0,0
BRDA:190,43,1,0
BRF:99
BRH:0
end_of_record
TN:
SF:src/shared/location.ts
FN:13,(anonymous_0)
FN:32,(anonymous_1)
FN:41,(anonymous_2)
FN:59,(anonymous_3)
FN:67,(anonymous_4)
FN:94,(anonymous_5)
FN:111,(anonymous_6)
FN:123,(anonymous_7)
FN:129,(anonymous_8)
FN:131,(anonymous_9)
FN:139,(anonymous_10)
FN:160,(anonymous_11)
FN:175,(anonymous_12)
FN:201,(anonymous_13)
FN:224,(anonymous_15)
FN:234,(anonymous_16)
FNF:16
FNH:13
FNDA:5,(anonymous_0)
FNDA:3,(anonymous_1)
FNDA:2,(anonymous_2)
FNDA:2,(anonymous_3)
FNDA:2,(anonymous_4)
FNDA:3,(anonymous_5)
FNDA:1,(anonymous_6)
FNDA:1,(anonymous_7)
FNDA:0,(anonymous_8)
FNDA:0,(anonymous_9)
FNDA:0,(anonymous_10)
FNDA:1,(anonymous_11)
FNDA:2,(anonymous_12)
FNDA:1,(anonymous_13)
FNDA:3,(anonymous_15)
FNDA:1,(anonymous_16)
DA:7,1
DA:15,5
DA:16,5
DA:19,5
DA:21,5
DA:33,3
DA:34,3
DA:35,3
DA:42,2
DA:43,2
DA:44,2
DA:45,2
DA:46,2
DA:48,2
DA:51,2
DA:53,2
DA:60,2
DA:61,2
DA:69,2
DA:70,2
DA:72,1
DA:73,1
DA:74,1
DA:76,1
DA:79,1
DA:80,3
DA:81,9
DA:82,8
DA:83,8
DA:84,8
DA:88,1
DA:96,3
DA:97,3
DA:99,3
DA:100,11
DA:101,1
DA:105,2
DA:112,1
DA:125,1
DA:128,0
DA:129,0
DA:130,0
DA:132,0
DA:140,0
DA:152,1
DA:156,1
DA:165,1
DA:169,1
DA:179,2
DA:181,2
DA:182,1
DA:186,1
DA:187,1
DA:189,1
DA:191,1
DA:192,2
DA:195,1
DA:208,1
DA:215,1
DA:224,1
DA:227,3
DA:236,1
DA:244,1
LF:63
LH:58
BRDA:67,0,0,1
BRDA:70,1,0,1
BRDA:81,2,0,1
BRDA:81,3,0,9
BRDA:81,3,1,3
BRDA:100,4,0,1
BRDA:100,5,0,11
BRDA:100,5,1,2
BRDA:125,6,0,0
BRDA:125,7,0,1
BRDA:125,7,1,1
BRDA:125,7,2,1
BRDA:162,8,0,1
BRDA:181,9,0,1
BRDA:203,10,0,0
BRDA:222,11,0,1
BRF:16
BRH:14
end_of_record
TN:
SF:src/shared/reputation.js
FN:9,(anonymous_0)
FN:27,(anonymous_1)
FN:41,(anonymous_2)
FN:84,(anonymous_3)
FN:115,(anonymous_4)
FN:127,(anonymous_5)
FN:129,(anonymous_6)
FN:144,(anonymous_7)
FN:150,(anonymous_8)
FN:152,(anonymous_9)
FNF:10
FNH:0
FNDA:0,(anonymous_0)
FNDA:0,(anonymous_1)
FNDA:0,(anonymous_2)
FNDA:0,(anonymous_3)
FNDA:0,(anonymous_4)
FNDA:0,(anonymous_5)
FNDA:0,(anonymous_6)
FNDA:0,(anonymous_7)
FNDA:0,(anonymous_8)
FNDA:0,(anonymous_9)
DA:2,0
DA:3,0
DA:4,0
DA:10,0
DA:12,0
DA:13,0
DA:14,0
DA:15,0
DA:16,0
DA:17,0
DA:18,0
DA:21,0
DA:22,0
DA:28,0
DA:29,0
DA:30,0
DA:31,0
DA:34,0
DA:35,0
DA:36,0
DA:42,0
DA:43,0
DA:45,0
DA:46,0
DA:48,0
DA:49,0
DA:51,0
DA:52,0
DA:54,0
DA:55,0
DA:58,0
DA:59,0
DA:60,0
DA:61,0
DA:63,0
DA:64,0
DA:65,0
DA:67,0
DA:69,0
DA:70,0
DA:72,0
DA:75,0
DA:77,0
DA:85,0
DA:91,0
DA:92,0
DA:93,0
DA:94,0
DA:95,0
DA:99,0
DA:100,0
DA:101,0
DA:102,0
DA:103,0
DA:107,0
DA:108,0
DA:109,0
DA:110,0
DA:113,0
DA:117,0
DA:119,0
DA:120,0
DA:121,0
DA:122,0
DA:123,0
DA:124,0
DA:125,0
DA:129,0
DA:130,0
DA:131,0
DA:132,0
DA:133,0
DA:134,0
DA:136,0
DA:137,0
DA:138,0
DA:139,0
DA:141,0
DA:142,0
DA:144,0
DA:145,0
DA:146,0
DA:148,0
DA:151,0
DA:152,0
DA:155,0
LF:86
LH:0
BRDA:17,0,0,0
BRDA:17,0,1,0
BRDA:30,1,0,0
BRDA:30,1,1,0
BRDA:41,2,0,0
BRDA:43,3,0,0
BRDA:43,3,1,0
BRDA:43,3,2,0
BRDA:43,3,3,0
BRDA:43,3,4,0
BRDA:43,3,5,0
BRDA:43,3,6,0
BRDA:64,4,0,0
BRDA:64,4,1,0
BRDA:84,5,0,0
BRDA:91,6,0,0
BRDA:91,6,1,0
BRDA:93,7,0,0
BRDA:93,7,1,0
BRDA:99,8,0,0
BRDA:99,8,1,0
BRDA:101,9,0,0
BRDA:101,9,1,0
BRDA:107,10,0,0
BRDA:107,10,1,0
BRDA:108,11,0,0
BRDA:108,11,1,0
BRDA:119,12,0,0
BRDA:119,12,1,0
BRDA:121,13,0,0
BRDA:121,13,1,0
BRDA:123,14,0,0
BRDA:123,14,1,0
BRDA:130,15,0,0
BRDA:130,15,1,0
BRDA:136,16,0,0
BRDA:136,16,1,0
BRDA:138,17,0,0
BRDA:138,17,1,0
BRDA:141,18,0,0
BRDA:141,18,1,0
BRDA:145,19,0,0
BRDA:145,19,1,0
BRF:43
BRH:0
end_of_record
TN:
SF:src/shared/reputation.ts
FN:8,(anonymous_0)
FN:31,(anonymous_1)
FN:49,(anonymous_2)
FN:108,(anonymous_3)
FN:148,(anonymous_4)
FN:160,(anonymous_5)
FN:162,(anonymous_6)
FN:178,(anonymous_7)
FN:185,(anonymous_8)
FN:187,(anonymous_9)
FNF:10
FNH:3
FNDA:10,(anonymous_0)
FNDA:4,(anonymous_1)
FNDA:7,(anonymous_2)
FNDA:0,(anonymous_3)
FNDA:0,(anonymous_4)
FNDA:0,(anonymous_5)
FNDA:0,(anonymous_6)
FNDA:0,(anonymous_7)
FNDA:0,(anonymous_8)
FNDA:0,(anonymous_9)
DA:2,2
DA:4,2
DA:9,10
DA:12,10
DA:13,10
DA:14,10
DA:15,10
DA:16,10
DA:18,10
DA:19,6
DA:23,10
DA:25,10
DA:32,4
DA:33,4
DA:35,4
DA:36,1
DA:40,3
DA:41,3
DA:43,3
DA:54,7
DA:56,7
DA:58,4
DA:59,4
DA:61,1
DA:62,1
DA:64,1
DA:65,1
DA:67,0
DA:68,0
DA:71,0
DA:72,0
DA:73,0
DA:74,0
DA:76,0
DA:77,0
DA:78,0
DA:80,0
DA:82,1
DA:83,1
DA:86,7
DA:99,2
DA:100,2
DA:113,0
DA:120,0
DA:121,0
DA:122,0
DA:123,0
DA:124,0
DA:129,0
DA:130,0
DA:131,0
DA:132,0
DA:133,0
DA:138,0
DA:139,0
DA:140,0
DA:141,0
DA:145,0
DA:150,0
DA:153,0
DA:154,0
DA:155,0
DA:157,0
DA:162,0
DA:163,0
DA:165,0
DA:167,0
DA:168,0
DA:171,0
DA:172,0
DA:175,0
DA:178,0
DA:179,0
DA:182,0
DA:186,0
DA:187,0
LF:76
LH:32
BRDA:18,0,0,6
BRDA:35,1,0,1
BRDA:52,2,0,5
BRDA:56,3,0,4
BRDA:56,3,1,1
BRDA:56,3,2,1
BRDA:56,3,3,0
BRDA:56,3,4,0
BRDA:56,3,5,0
BRDA:56,3,6,1
BRDA:77,4,0,0
BRDA:111,5,0,0
BRDA:120,6,0,0
BRDA:122,7,0,0
BRDA:129,8,0,0
BRDA:131,9,0,0
BRDA:138,10,0,0
BRDA:139,11,0,0
BRDA:153,12,0,0
BRDA:154,13,0,0
BRDA:155,14,0,0
BRDA:163,15,0,0
BRDA:171,16,0,0
BRDA:172,17,0,0
BRDA:175,18,0,0
BRDA:179,19,0,0
BRF:26
BRH:7
end_of_record
TN:
SF:src/shared/talk-content-id.ts
FN:22,normalizeIdentityText
FN:30,hashIdentityPayload
FN:53,buildIdentityPayloadFromTalk
FN:60,(anonymous_3)
FN:63,(anonymous_4)
FN:66,(anonymous_5)
FN:98,computeTalkIdFromTalkData
FN:108,buildTalkIdentityKey
FN:115,canonicalIdentityKeyFromStoredCluster
FN:129,(anonymous_9)
FN:132,(anonymous_10)
FN:136,(anonymous_11)
FNF:12
FNH:8
FNDA:74,normalizeIdentityText
FNDA:21,hashIdentityPayload
FNDA:15,buildIdentityPayloadFromTalk
FNDA:18,(anonymous_3)
FNDA:24,(anonymous_4)
FNDA:3,(anonymous_5)
FNDA:15,computeTalkIdFromTalkData
FNDA:1,buildTalkIdentityKey
FNDA:0,canonicalIdentityKeyFromStoredCluster
FNDA:0,(anonymous_9)
FNDA:0,(anonymous_10)
FNDA:0,(anonymous_11)
DA:16,5
DA:22,5
DA:23,74
DA:30,5
DA:31,21
DA:32,21
DA:33,1529
DA:34,1529
DA:36,21
DA:53,5
DA:57,15
DA:58,15
DA:59,15
DA:60,18
DA:63,24
DA:66,3
DA:68,15
DA:71,15
DA:72,0
DA:75,15
DA:76,1
DA:78,15
DA:80,0
DA:81,0
DA:83,15
DA:84,0
DA:85,0
DA:86,0
DA:87,0
DA:94,15
DA:98,5
DA:102,15
DA:103,15
DA:104,15
DA:108,5
DA:109,1
DA:115,5
DA:116,0
DA:118,0
DA:119,0
DA:120,0
DA:123,0
DA:124,0
DA:125,0
DA:126,0
DA:129,0
DA:132,0
DA:136,0
DA:138,0
DA:144,0
LF:50
LH:30
BRDA:23,0,0,74
BRDA:23,0,1,0
BRDA:55,1,0,0
BRDA:58,2,0,15
BRDA:58,2,1,0
BRDA:59,3,0,15
BRDA:59,3,1,0
BRDA:62,4,0,18
BRDA:62,4,1,0
BRDA:71,5,0,0
BRDA:71,6,0,15
BRDA:71,6,1,2
BRDA:75,7,0,1
BRDA:75,8,0,15
BRDA:75,8,1,1
BRDA:78,9,0,0
BRDA:78,10,0,15
BRDA:78,10,1,0
BRDA:80,11,0,0
BRDA:80,11,1,0
BRDA:81,12,0,0
BRDA:81,12,1,0
BRDA:83,13,0,0
BRDA:83,14,0,15
BRDA:83,14,1,0
BRDA:86,15,0,0
BRDA:86,16,0,0
BRDA:86,16,1,0
BRDA:100,17,0,13
BRDA:116,18,0,0
BRDA:118,19,0,0
BRDA:118,19,1,0
BRDA:119,20,0,0
BRDA:123,21,0,0
BRDA:127,22,0,0
BRDA:127,22,1,0
BRDA:127,22,2,0
BRDA:128,23,0,0
BRDA:128,23,1,0
BRDA:131,24,0,0
BRDA:131,24,1,0
BRF:41
BRH:12
end_of_record
TN:
SF:src/shared/talk-engine.js
FN:9,(anonymous_0)
FN:20,(anonymous_1)
FN:25,(anonymous_2)
FN:40,(anonymous_3)
FN:63,(anonymous_4)
FN:73,(anonymous_5)
FN:74,(anonymous_6)
FN:97,(anonymous_7)
FN:108,(anonymous_8)
FN:109,(anonymous_9)
FN:114,(anonymous_10)
FN:128,(anonymous_11)
FN:137,(anonymous_12)
FN:145,(anonymous_13)
FN:146,(anonymous_14)
FN:161,(anonymous_15)
FN:172,(anonymous_16)
FN:173,(anonymous_17)
FN:174,(anonymous_18)
FN:182,(anonymous_19)
FN:240,(anonymous_20)
FNF:21
FNH:0
FNDA:0,(anonymous_0)
FNDA:0,(anonymous_1)
FNDA:0,(anonymous_2)
FNDA:0,(anonymous_3)
FNDA:0,(anonymous_4)
FNDA:0,(anonymous_5)
FNDA:0,(anonymous_6)
FNDA:0,(anonymous_7)
FNDA:0,(anonymous_8)
FNDA:0,(anonymous_9)
FNDA:0,(anonymous_10)
FNDA:0,(anonymous_11)
FNDA:0,(anonymous_12)
FNDA:0,(anonymous_13)
FNDA:0,(anonymous_14)
FNDA:0,(anonymous_15)
FNDA:0,(anonymous_16)
FNDA:0,(anonymous_17)
FNDA:0,(anonymous_18)
FNDA:0,(anonymous_19)
FNDA:0,(anonymous_20)
DA:2,0
DA:3,0
DA:4,0
DA:10,0
DA:11,0
DA:12,0
DA:13,0
DA:14,0
DA:15,0
DA:21,0
DA:22,0
DA:23,0
DA:24,0
DA:25,0
DA:26,0
DA:27,0
DA:28,0
DA:29,0
DA:30,0
DA:33,0
DA:34,0
DA:37,0
DA:38,0
DA:41,0
DA:43,0
DA:44,0
DA:47,0
DA:48,0
DA:49,0
DA:53,0
DA:54,0
DA:55,0
DA:58,0
DA:64,0
DA:65,0
DA:67,0
DA:68,0
DA:70,0
DA:71,0
DA:73,0
DA:74,0
DA:75,0
DA:76,0
DA:77,0
DA:79,0
DA:80,0
DA:83,0
DA:84,0
DA:87,0
DA:89,0
DA:90,0
DA:98,0
DA:99,0
DA:101,0
DA:102,0
DA:103,0
DA:105,0
DA:106,0
DA:108,0
DA:109,0
DA:110,0
DA:111,0
DA:115,0
DA:116,0
DA:118,0
DA:119,0
DA:121,0
DA:122,0
DA:124,0
DA:125,0
DA:128,0
DA:129,0
DA:130,0
DA:133,0
DA:134,0
DA:138,0
DA:139,0
DA:141,0
DA:142,0
DA:146,0
DA:147,0
DA:148,0
DA:150,0
DA:151,0
DA:155,0
DA:162,0
DA:164,0
DA:165,0
DA:166,0
DA:167,0
DA:168,0
DA:170,0
DA:172,0
DA:173,0
DA:174,0
DA:175,0
DA:176,0
DA:177,0
DA:183,0
DA:184,0
DA:185,0
DA:186,0
DA:187,0
DA:188,0
DA:189,0
DA:190,0
DA:192,0
DA:193,0
DA:200,0
DA:201,0
DA:203,0
DA:206,0
DA:212,0
DA:217,0
DA:218,0
DA:220,0
DA:221,0
DA:224,0
DA:225,0
DA:226,0
DA:233,0
DA:240,0
DA:247,0
DA:248,0
DA:251,0
LF:125
LH:0
BRDA:13,0,0,0
BRDA:13,0,1,0
BRDA:14,1,0,0
BRDA:14,1,1,0
BRDA:26,2,0,0
BRDA:26,2,1,0
BRDA:28,3,0,0
BRDA:28,3,1,0
BRDA:29,4,0,0
BRDA:29,4,1,0
BRDA:33,5,0,0
BRDA:33,5,1,0
BRDA:43,6,0,0
BRDA:43,6,1,0
BRDA:47,7,0,0
BRDA:47,7,1,0
BRDA:54,8,0,0
BRDA:54,8,1,0
BRDA:64,9,0,0
BRDA:64,9,1,0
BRDA:67,10,0,0
BRDA:67,10,1,0
BRDA:71,11,0,0
BRDA:71,11,1,0
BRDA:71,11,2,0
BRDA:71,11,3,0
BRDA:75,12,0,0
BRDA:75,12,1,0
BRDA:75,13,0,0
BRDA:75,13,1,0
BRDA:79,14,0,0
BRDA:79,14,1,0
BRDA:89,15,0,0
BRDA:89,15,1,0
BRDA:98,16,0,0
BRDA:98,16,1,0
BRDA:102,17,0,0
BRDA:102,17,1,0
BRDA:102,18,0,0
BRDA:102,18,1,0
BRDA:105,19,0,0
BRDA:105,19,1,0
BRDA:110,20,0,0
BRDA:110,20,1,0
BRDA:110,21,0,0
BRDA:110,21,1,0
BRDA:115,22,0,0
BRDA:115,22,1,0
BRDA:118,23,0,0
BRDA:118,23,1,0
BRDA:121,24,0,0
BRDA:121,24,1,0
BRDA:124,25,0,0
BRDA:124,25,1,0
BRDA:129,26,0,0
BRDA:129,26,1,0
BRDA:138,27,0,0
BRDA:138,27,1,0
BRDA:141,28,0,0
BRDA:141,28,1,0
BRDA:147,29,0,0
BRDA:147,29,1,0
BRDA:150,30,0,0
BRDA:150,30,1,0
BRDA:165,31,0,0
BRDA:165,31,1,0
BRDA:174,32,0,0
BRDA:174,32,1,0
BRDA:175,33,0,0
BRDA:175,33,1,0
BRDA:182,34,0,0
BRDA:187,35,0,0
BRDA:187,35,1,0
BRDA:200,36,0,0
BRDA:200,36,1,0
BRDA:217,37,0,0
BRDA:217,37,1,0
BRDA:224,38,0,0
BRDA:224,38,1,0
BRF:79
BRH:0
end_of_record
TN:
SF:src/shared/talk-engine.ts
FN:17,checkIfMatch
FN:23,(anonymous_1)
FN:25,(anonymous_2)
FN:34,(anonymous_3)
FN:50,(anonymous_4)
FN:62,(anonymous_5)
FN:78,(anonymous_6)
FN:112,(anonymous_7)
FN:125,(anonymous_8)
FN:126,(anonymous_9)
FN:159,(anonymous_10)
FN:170,(anonymous_11)
FN:171,(anonymous_12)
FN:177,(anonymous_13)
FN:195,(anonymous_14)
FN:206,(anonymous_15)
FN:216,(anonymous_16)
FN:217,(anonymous_17)
FN:241,(anonymous_18)
FN:246,(anonymous_19)
FN:272,(anonymous_20)
FN:273,(anonymous_21)
FN:326,(anonymous_22)
FN:330,(anonymous_23)
FN:349,(anonymous_24)
FN:350,(anonymous_25)
FN:376,(anonymous_26)
FN:385,(anonymous_27)
FN:412,(anonymous_28)
FN:419,(anonymous_29)
FN:432,(anonymous_30)
FN:442,(anonymous_31)
FN:455,(anonymous_32)
FN:456,(anonymous_33)
FN:457,(anonymous_34)
FN:467,(anonymous_35)
FN:537,(anonymous_36)
FNF:37
FNH:28
FNDA:0,checkIfMatch
FNDA:0,(anonymous_1)
FNDA:0,(anonymous_2)
FNDA:11,(anonymous_3)
FNDA:37,(anonymous_4)
FNDA:32,(anonymous_5)
FNDA:37,(anonymous_6)
FNDA:23,(anonymous_7)
FNDA:7,(anonymous_8)
FNDA:6,(anonymous_9)
FNDA:8,(anonymous_10)
FNDA:3,(anonymous_11)
FNDA:6,(anonymous_12)
FNDA:24,(anonymous_13)
FNDA:51,(anonymous_14)
FNDA:50,(anonymous_15)
FNDA:3,(anonymous_16)
FNDA:19,(anonymous_17)
FNDA:7,(anonymous_18)
FNDA:12,(anonymous_19)
FNDA:5,(anonymous_20)
FNDA:5,(anonymous_21)
FNDA:29,(anonymous_22)
FNDA:19,(anonymous_23)
FNDA:2,(anonymous_24)
FNDA:2,(anonymous_25)
FNDA:2,(anonymous_26)
FNDA:4,(anonymous_27)
FNDA:5,(anonymous_28)
FNDA:10,(anonymous_29)
FNDA:3,(anonymous_30)
FNDA:0,(anonymous_31)
FNDA:0,(anonymous_32)
FNDA:0,(anonymous_33)
FNDA:0,(anonymous_34)
FNDA:0,(anonymous_35)
FNDA:0,(anonymous_36)
DA:2,3
DA:3,3
DA:17,3
DA:18,0
DA:19,0
DA:21,0
DA:22,0
DA:23,0
DA:24,0
DA:25,0
DA:26,0
DA:27,0
DA:30,3
DA:35,11
DA:36,11
DA:38,11
DA:39,35
DA:40,28
DA:41,2
DA:56,37
DA:57,37
DA:59,37
DA:61,37
DA:62,32
DA:63,14
DA:65,14
DA:66,9
DA:67,2
DA:69,5
DA:70,2
DA:74,33
DA:75,33
DA:79,37
DA:82,37
DA:83,1
DA:87,37
DA:88,0
DA:89,0
DA:94,37
DA:95,85
DA:96,13
DA:100,37
DA:113,23
DA:114,0
DA:117,23
DA:118,0
DA:121,23
DA:123,23
DA:125,7
DA:126,6
DA:127,23
DA:128,8
DA:129,3
DA:132,15
DA:133,7
DA:134,2
DA:137,8
DA:138,1
DA:142,7
DA:143,24
DA:147,5
DA:150,5
DA:151,3
DA:160,8
DA:161,2
DA:163,6
DA:164,6
DA:165,0
DA:167,6
DA:168,3
DA:170,3
DA:171,6
DA:172,3
DA:173,0
DA:178,24
DA:179,0
DA:182,24
DA:183,1
DA:186,23
DA:187,0
DA:190,23
DA:191,0
DA:195,51
DA:196,23
DA:197,1
DA:201,22
DA:202,50
DA:207,50
DA:208,0
DA:211,50
DA:212,0
DA:217,19
DA:219,3
DA:220,1
DA:223,2
DA:224,1
DA:242,7
DA:243,1
DA:246,12
DA:247,6
DA:249,6
DA:250,12
DA:251,0
DA:254,12
DA:255,0
DA:259,12
DA:260,1
DA:266,11
DA:267,5
DA:268,1
DA:272,5
DA:273,5
DA:274,4
DA:275,1
DA:282,9
DA:283,9
DA:284,9
DA:285,0
DA:289,9
DA:293,3
DA:315,3
DA:327,29
DA:330,19
DA:333,18
DA:334,18
DA:335,326
DA:337,326
DA:339,18
DA:350,2
DA:385,4
DA:417,5
DA:418,5
DA:420,10
DA:424,5
DA:433,3
DA:437,3
DA:443,0
DA:446,0
DA:447,0
DA:449,0
DA:450,0
DA:453,0
DA:455,0
DA:456,0
DA:457,0
DA:459,0
DA:461,0
DA:473,0
DA:474,0
DA:476,0
DA:477,0
DA:478,0
DA:480,0
DA:481,0
DA:484,0
DA:485,0
DA:492,0
DA:493,0
DA:495,0
DA:499,0
DA:506,0
DA:511,0
DA:512,0
DA:514,0
DA:516,0
DA:520,0
DA:521,0
DA:522,0
DA:530,0
DA:537,0
DA:543,0
DA:546,0
DA:548,0
LF:173
LH:113
BRDA:18,0,0,0
BRDA:18,1,0,0
BRDA:18,1,1,0
BRDA:22,2,0,0
BRDA:24,3,0,0
BRDA:26,4,0,0
BRDA:39,5,0,28
BRDA:40,6,0,2
BRDA:63,7,0,0
BRDA:65,8,0,9
BRDA:65,8,1,5
BRDA:66,9,0,2
BRDA:69,10,0,2
BRDA:82,11,0,1
BRDA:87,12,0,0
BRDA:95,13,0,13
BRDA:113,14,0,0
BRDA:117,15,0,0
BRDA:123,16,0,23
BRDA:123,16,1,11
BRDA:123,16,2,5
BRDA:123,16,3,3
BRDA:127,17,0,8
BRDA:127,18,0,23
BRDA:127,18,1,15
BRDA:132,19,0,7
BRDA:137,20,0,1
BRDA:150,21,0,3
BRDA:160,22,0,2
BRDA:164,23,0,0
BRDA:164,24,0,6
BRDA:164,24,1,6
BRDA:167,25,0,3
BRDA:172,26,0,0
BRDA:172,27,0,3
BRDA:172,27,1,3
BRDA:178,28,0,0
BRDA:182,29,0,1
BRDA:186,30,0,0
BRDA:190,31,0,0
BRDA:196,32,0,1
BRDA:207,33,0,0
BRDA:211,34,0,0
BRDA:219,35,0,1
BRDA:223,36,0,1
BRDA:242,37,0,1
BRDA:250,38,0,0
BRDA:254,39,0,0
BRDA:259,40,0,1
BRDA:267,41,0,1
BRDA:274,42,0,1
BRDA:284,43,0,0
BRDA:327,44,0,11
BRDA:327,45,0,29
BRDA:327,45,1,29
BRDA:383,46,0,2
BRDA:420,47,0,10
BRDA:420,47,1,7
BRDA:420,47,2,4
BRDA:424,48,0,5
BRDA:424,48,1,2
BRDA:433,49,0,3
BRDA:433,49,1,2
BRDA:447,50,0,0
BRDA:457,51,0,0
BRDA:457,51,1,0
BRDA:459,52,0,0
BRDA:470,53,0,0
BRDA:478,54,0,0
BRDA:492,55,0,0
BRDA:511,56,0,0
BRDA:520,57,0,0
BRF:72
BRH:43
end_of_record
TN:
SF:src/shared/types.js
FNF:0
FNH:0
DA:2,0
LF:1
LH:0
BRF:0
BRH:0
end_of_record
TN:
SF:src/shared/user-utils.ts
FN:6,generateRandomStageName
FN:27,normalizeQuestionKey
FN:31,isValidStageName
FNF:3
FNH:3
FNDA:1052,generateRandomStageName
FNDA:1,normalizeQuestionKey
FNDA:26,isValidStageName
DA:6,2
DA:7,1052
DA:8,1052
DA:9,1052
DA:10,1052
DA:12,1052
DA:13,14728
DA:14,14728
DA:17,1052
DA:27,2
DA:28,1
DA:31,2
DA:32,26
DA:33,6
DA:36,20
DA:37,1
DA:43,19
DA:44,19
LF:18
LH:18
BRDA:32,0,0,6
BRDA:32,1,0,26
BRDA:32,1,1,23
BRDA:36,2,0,1
BRF:4
BRH:4
end_of_record
TN:
SF:src/web/sea-gun.ts
FN:8,getSEA
FN:15,seaPair
FNF:2
FNH:0
FNDA:0,getSEA
FNDA:0,seaPair
DA:1,0
DA:2,0
DA:8,0
DA:9,0
DA:10,0
DA:15,0
DA:16,0
DA:17,0
DA:18,0
DA:20,0
LF:10
LH:0
BRDA:17,0,0,0
BRF:1
BRH:0
end_of_record
TN:
SF:src/web/socket-auth-payload.ts
FN:8,createSocketAuthPayload
FNF:1
FNH:0
FNDA:0,createSocketAuthPayload
DA:5,0
DA:8,0
DA:12,0
DA:13,0
DA:14,0
LF:5
LH:0
BRF:0
BRH:0
end_of_record
TN:
SF:src/web/app/app.ts
FN:29,(anonymous_0)
FN:38,(anonymous_1)
FN:68,(anonymous_2)
FN:82,(anonymous_3)
FN:83,(anonymous_4)
FN:92,(anonymous_5)
FN:126,(anonymous_6)
FN:151,(anonymous_7)
FN:170,(anonymous_8)
FN:179,(anonymous_9)
FN:197,(anonymous_10)
FN:209,(anonymous_11)
FN:230,(anonymous_12)
FN:241,(anonymous_13)
FN:274,(anonymous_14)
FN:276,(anonymous_15)
FN:297,(anonymous_16)
FN:305,(anonymous_17)
FN:314,(anonymous_18)
FN:336,(anonymous_19)
FN:358,(anonymous_20)
FN:367,(anonymous_21)
FN:383,(anonymous_22)
FN:404,(anonymous_23)
FN:458,(anonymous_24)
FN:466,(anonymous_25)
FN:504,(anonymous_26)
FN:515,(anonymous_27)
FN:530,(anonymous_28)
FN:576,(anonymous_29)
FN:585,(anonymous_30)
FN:590,(anonymous_31)
FN:604,(anonymous_32)
FN:628,(anonymous_33)
FN:642,(anonymous_34)
FN:649,(anonymous_35)
FN:649,(anonymous_36)
FN:655,(anonymous_37)
FN:696,(anonymous_38)
FN:710,(anonymous_39)
FN:722,(anonymous_40)
FN:727,(anonymous_41)
FN:738,(anonymous_42)
FN:759,(anonymous_43)
FN:769,(anonymous_44)
FN:788,(anonymous_45)
FN:796,(anonymous_46)
FN:799,(anonymous_47)
FN:816,(anonymous_48)
FN:824,(anonymous_49)
FN:839,(anonymous_50)
FN:850,(anonymous_51)
FN:866,(anonymous_52)
FN:875,(anonymous_53)
FN:878,(anonymous_54)
FN:889,(anonymous_55)
FN:909,(anonymous_56)
FN:913,(anonymous_57)
FN:924,(anonymous_58)
FN:933,(anonymous_59)
FN:940,(anonymous_60)
FN:941,(anonymous_61)
FN:966,(anonymous_62)
FN:971,(anonymous_63)
FN:978,(anonymous_64)
FN:1008,(anonymous_65)
FN:1012,(anonymous_66)
FN:1049,(anonymous_67)
FN:1055,(anonymous_68)
FN:1073,(anonymous_69)
FN:1093,(anonymous_70)
FN:1158,(anonymous_71)
FN:1201,(anonymous_72)
FN:1231,(anonymous_73)
FN:1253,(anonymous_74)
FN:1275,(anonymous_75)
FN:1290,(anonymous_76)
FN:1307,(anonymous_77)
FN:1311,(anonymous_78)
FN:1320,(anonymous_79)
FN:1321,(anonymous_80)
FN:1333,(anonymous_81)
FN:1338,(anonymous_82)
FN:1346,(anonymous_83)
FN:1347,(anonymous_84)
FN:1379,(anonymous_85)
FN:1446,(anonymous_86)
FN:1478,(anonymous_87)
FN:1501,(anonymous_88)
FN:1537,(anonymous_89)
FN:1542,(anonymous_90)
FN:1558,(anonymous_91)
FN:1579,(anonymous_92)
FN:1604,(anonymous_93)
FN:1632,(anonymous_94)
FN:1645,(anonymous_95)
FN:1649,(anonymous_96)
FN:1653,(anonymous_97)
FN:1658,(anonymous_98)
FN:1667,(anonymous_99)
FN:1678,(anonymous_100)
FN:1682,(anonymous_101)
FN:1686,(anonymous_102)
FN:1693,(anonymous_103)
FN:1705,(anonymous_104)
FN:1713,(anonymous_105)
FN:1718,(anonymous_106)
FN:1719,(anonymous_107)
FN:1749,(anonymous_108)
FN:1758,(anonymous_109)
FNF:110
FNH:0
FNDA:0,(anonymous_0)
FNDA:0,(anonymous_1)
FNDA:0,(anonymous_2)
FNDA:0,(anonymous_3)
FNDA:0,(anonymous_4)
FNDA:0,(anonymous_5)
FNDA:0,(anonymous_6)
FNDA:0,(anonymous_7)
FNDA:0,(anonymous_8)
FNDA:0,(anonymous_9)
FNDA:0,(anonymous_10)
FNDA:0,(anonymous_11)
FNDA:0,(anonymous_12)
FNDA:0,(anonymous_13)
FNDA:0,(anonymous_14)
FNDA:0,(anonymous_15)
FNDA:0,(anonymous_16)
FNDA:0,(anonymous_17)
FNDA:0,(anonymous_18)
FNDA:0,(anonymous_19)
FNDA:0,(anonymous_20)
FNDA:0,(anonymous_21)
FNDA:0,(anonymous_22)
FNDA:0,(anonymous_23)
FNDA:0,(anonymous_24)
FNDA:0,(anonymous_25)
FNDA:0,(anonymous_26)
FNDA:0,(anonymous_27)
FNDA:0,(anonymous_28)
FNDA:0,(anonymous_29)
FNDA:0,(anonymous_30)
FNDA:0,(anonymous_31)
FNDA:0,(anonymous_32)
FNDA:0,(anonymous_33)
FNDA:0,(anonymous_34)
FNDA:0,(anonymous_35)
FNDA:0,(anonymous_36)
FNDA:0,(anonymous_37)
FNDA:0,(anonymous_38)
FNDA:0,(anonymous_39)
FNDA:0,(anonymous_40)
FNDA:0,(anonymous_41)
FNDA:0,(anonymous_42)
FNDA:0,(anonymous_43)
FNDA:0,(anonymous_44)
FNDA:0,(anonymous_45)
FNDA:0,(anonymous_46)
FNDA:0,(anonymous_47)
FNDA:0,(anonymous_48)
FNDA:0,(anonymous_49)
FNDA:0,(anonymous_50)
FNDA:0,(anonymous_51)
FNDA:0,(anonymous_52)
FNDA:0,(anonymous_53)
FNDA:0,(anonymous_54)
FNDA:0,(anonymous_55)
FNDA:0,(anonymous_56)
FNDA:0,(anonymous_57)
FNDA:0,(anonymous_58)
FNDA:0,(anonymous_59)
FNDA:0,(anonymous_60)
FNDA:0,(anonymous_61)
FNDA:0,(anonymous_62)
FNDA:0,(anonymous_63)
FNDA:0,(anonymous_64)
FNDA:0,(anonymous_65)
FNDA:0,(anonymous_66)
FNDA:0,(anonymous_67)
FNDA:0,(anonymous_68)
FNDA:0,(anonymous_69)
FNDA:0,(anonymous_70)
FNDA:0,(anonymous_71)
FNDA:0,(anonymous_72)
FNDA:0,(anonymous_73)
FNDA:0,(anonymous_74)
FNDA:0,(anonymous_75)
FNDA:0,(anonymous_76)
FNDA:0,(anonymous_77)
FNDA:0,(anonymous_78)
FNDA:0,(anonymous_79)
FNDA:0,(anonymous_80)
FNDA:0,(anonymous_81)
FNDA:0,(anonymous_82)
FNDA:0,(anonymous_83)
FNDA:0,(anonymous_84)
FNDA:0,(anonymous_85)
FNDA:0,(anonymous_86)
FNDA:0,(anonymous_87)
FNDA:0,(anonymous_88)
FNDA:0,(anonymous_89)
FNDA:0,(anonymous_90)
FNDA:0,(anonymous_91)
FNDA:0,(anonymous_92)
FNDA:0,(anonymous_93)
FNDA:0,(anonymous_94)
FNDA:0,(anonymous_95)
FNDA:0,(anonymous_96)
FNDA:0,(anonymous_97)
FNDA:0,(anonymous_98)
FNDA:0,(anonymous_99)
FNDA:0,(anonymous_100)
FNDA:0,(anonymous_101)
FNDA:0,(anonymous_102)
FNDA:0,(anonymous_103)
FNDA:0,(anonymous_104)
FNDA:0,(anonymous_105)
FNDA:0,(anonymous_106)
FNDA:0,(anonymous_107)
FNDA:0,(anonymous_108)
FNDA:0,(anonymous_109)
DA:2,0
DA:3,0
DA:4,0
DA:5,0
DA:6,0
DA:7,0
DA:8,0
DA:9,0
DA:10,0
DA:11,0
DA:13,0
DA:23,0
DA:25,0
DA:27,0
DA:30,0
DA:31,0
DA:32,0
DA:33,0
DA:34,0
DA:35,0
DA:39,0
DA:42,0
DA:43,0
DA:46,0
DA:49,0
DA:52,0
DA:55,0
DA:58,0
DA:61,0
DA:70,0
DA:73,0
DA:74,0
DA:75,0
DA:76,0
DA:79,0
DA:80,0
DA:82,0
DA:83,0
DA:84,0
DA:85,0
DA:89,0
DA:94,0
DA:95,0
DA:97,0
DA:98,0
DA:99,0
DA:100,0
DA:101,0
DA:102,0
DA:103,0
DA:104,0
DA:106,0
DA:108,0
DA:109,0
DA:110,0
DA:113,0
DA:114,0
DA:118,0
DA:121,0
DA:122,0
DA:128,0
DA:130,0
DA:131,0
DA:133,0
DA:144,0
DA:145,0
DA:147,0
DA:148,0
DA:152,0
DA:155,0
DA:158,0
DA:164,0
DA:166,0
DA:167,0
DA:170,0
DA:172,0
DA:175,0
DA:176,0
DA:179,0
DA:180,0
DA:181,0
DA:184,0
DA:185,0
DA:194,0
DA:199,0
DA:200,0
DA:205,0
DA:206,0
DA:209,0
DA:210,0
DA:211,0
DA:215,0
DA:221,0
DA:222,0
DA:226,0
DA:231,0
DA:236,0
DA:238,0
DA:241,0
DA:242,0
DA:243,0
DA:246,0
DA:247,0
DA:256,0
DA:259,0
DA:262,0
DA:265,0
DA:268,0
DA:276,0
DA:277,0
DA:278,0
DA:280,0
DA:281,0
DA:282,0
DA:283,0
DA:286,0
DA:289,0
DA:290,0
DA:291,0
DA:295,0
DA:297,0
DA:306,0
DA:307,0
DA:309,0
DA:315,0
DA:317,0
DA:319,0
DA:321,0
DA:342,0
DA:343,0
DA:344,0
DA:346,0
DA:351,0
DA:352,0
DA:353,0
DA:354,0
DA:355,0
DA:359,0
DA:360,0
DA:362,0
DA:365,0
DA:367,0
DA:368,0
DA:370,0
DA:372,0
DA:373,0
DA:381,0
DA:382,0
DA:383,0
DA:384,0
DA:385,0
DA:391,0
DA:399,0
DA:402,0
DA:404,0
DA:405,0
DA:406,0
DA:407,0
DA:409,0
DA:411,0
DA:412,0
DA:413,0
DA:414,0
DA:424,0
DA:425,0
DA:429,0
DA:430,0
DA:436,0
DA:437,0
DA:450,0
DA:454,0
DA:455,0
DA:459,0
DA:460,0
DA:462,0
DA:467,0
DA:469,0
DA:470,0
DA:471,0
DA:473,0
DA:475,0
DA:477,0
DA:480,0
DA:482,0
DA:483,0
DA:486,0
DA:488,0
DA:489,0
DA:493,0
DA:496,0
DA:506,0
DA:513,0
DA:516,0
DA:520,0
DA:536,0
DA:537,0
DA:538,0
DA:539,0
DA:540,0
DA:543,0
DA:544,0
DA:545,0
DA:546,0
DA:549,0
DA:551,0
DA:552,0
DA:554,0
DA:564,0
DA:566,0
DA:567,0
DA:568,0
DA:577,0
DA:585,0
DA:593,0
DA:594,0
DA:595,0
DA:596,0
DA:599,0
DA:600,0
DA:601,0
DA:602,0
DA:603,0
DA:605,0
DA:611,0
DA:612,0
DA:613,0
DA:614,0
DA:615,0
DA:616,0
DA:621,0
DA:623,0
DA:629,0
DA:630,0
DA:631,0
DA:632,0
DA:634,0
DA:647,0
DA:648,0
DA:649,0
DA:650,0
DA:651,0
DA:652,0
DA:653,0
DA:654,0
DA:655,0
DA:657,0
DA:658,0
DA:673,0
DA:675,0
DA:676,0
DA:677,0
DA:678,0
DA:680,0
DA:681,0
DA:682,0
DA:685,0
DA:686,0
DA:700,0
DA:701,0
DA:703,0
DA:704,0
DA:705,0
DA:706,0
DA:707,0
DA:710,0
DA:711,0
DA:712,0
DA:713,0
DA:714,0
DA:718,0
DA:720,0
DA:721,0
DA:722,0
DA:723,0
DA:724,0
DA:727,0
DA:728,0
DA:731,0
DA:739,0
DA:740,0
DA:741,0
DA:742,0
DA:743,0
DA:744,0
DA:745,0
DA:747,0
DA:748,0
DA:749,0
DA:752,0
DA:753,0
DA:759,0
DA:761,0
DA:775,0
DA:776,0
DA:777,0
DA:789,0
DA:790,0
DA:791,0
DA:792,0
DA:794,0
DA:796,0
DA:801,0
DA:802,0
DA:803,0
DA:807,0
DA:808,0
DA:809,0
DA:810,0
DA:813,0
DA:816,0
DA:817,0
DA:818,0
DA:819,0
DA:822,0
DA:824,0
DA:825,0
DA:826,0
DA:827,0
DA:830,0
DA:833,0
DA:834,0
DA:835,0
DA:840,0
DA:841,0
DA:842,0
DA:843,0
DA:846,0
DA:847,0
DA:848,0
DA:849,0
DA:851,0
DA:857,0
DA:858,0
DA:859,0
DA:860,0
DA:862,0
DA:867,0
DA:868,0
DA:869,0
DA:871,0
DA:876,0
DA:877,0
DA:878,0
DA:879,0
DA:880,0
DA:890,0
DA:891,0
DA:892,0
DA:893,0
DA:896,0
DA:897,0
DA:898,0
DA:899,0
DA:901,0
DA:910,0
DA:917,0
DA:918,0
DA:919,0
DA:920,0
DA:923,0
DA:924,0
DA:925,0
DA:926,0
DA:934,0
DA:935,0
DA:936,0
DA:937,0
DA:938,0
DA:940,0
DA:941,0
DA:942,0
DA:943,0
DA:944,0
DA:945,0
DA:947,0
DA:948,0
DA:951,0
DA:952,0
DA:953,0
DA:956,0
DA:957,0
DA:958,0
DA:959,0
DA:960,0
DA:966,0
DA:968,0
DA:972,0
DA:974,0
DA:976,0
DA:979,0
DA:982,0
DA:985,0
DA:990,0
DA:995,0
DA:997,0
DA:1012,0
DA:1013,0
DA:1014,0
DA:1017,0
DA:1018,0
DA:1020,0
DA:1023,0
DA:1024,0
DA:1025,0
DA:1030,0
DA:1031,0
DA:1032,0
DA:1041,0
DA:1043,0
DA:1044,0
DA:1049,0
DA:1050,0
DA:1053,0
DA:1054,0
DA:1055,0
DA:1058,0
DA:1060,0
DA:1061,0
DA:1064,0
DA:1071,0
DA:1074,0
DA:1075,0
DA:1081,0
DA:1083,0
DA:1091,0
DA:1098,0
DA:1099,0
DA:1102,0
DA:1107,0
DA:1109,0
DA:1114,0
DA:1115,0
DA:1116,0
DA:1117,0
DA:1118,0
DA:1122,0
DA:1123,0
DA:1124,0
DA:1128,0
DA:1131,0
DA:1132,0
DA:1142,0
DA:1145,0
DA:1147,0
DA:1148,0
DA:1156,0
DA:1159,0
DA:1160,0
DA:1161,0
DA:1162,0
DA:1163,0
DA:1165,0
DA:1166,0
DA:1167,0
DA:1169,0
DA:1171,0
DA:1172,0
DA:1173,0
DA:1174,0
DA:1175,0
DA:1179,0
DA:1180,0
DA:1182,0
DA:1183,0
DA:1186,0
DA:1187,0
DA:1188,0
DA:1190,0
DA:1191,0
DA:1192,0
DA:1193,0
DA:1197,0
DA:1198,0
DA:1199,0
DA:1200,0
DA:1201,0
DA:1203,0
DA:1206,0
DA:1207,0
DA:1217,0
DA:1222,0
DA:1223,0
DA:1231,0
DA:1232,0
DA:1233,0
DA:1240,0
DA:1241,0
DA:1243,0
DA:1244,0
DA:1251,0
DA:1258,0
DA:1259,0
DA:1260,0
DA:1261,0
DA:1262,0
DA:1263,0
DA:1265,0
DA:1267,0
DA:1268,0
DA:1273,0
DA:1276,0
DA:1277,0
DA:1278,0
DA:1280,0
DA:1281,0
DA:1282,0
DA:1284,0
DA:1285,0
DA:1290,0
DA:1291,0
DA:1292,0
DA:1293,0
DA:1294,0
DA:1296,0
DA:1299,0
DA:1300,0
DA:1307,0
DA:1308,0
DA:1311,0
DA:1312,0
DA:1313,0
DA:1314,0
DA:1315,0
DA:1317,0
DA:1318,0
DA:1319,0
DA:1321,0
DA:1322,0
DA:1323,0
DA:1324,0
DA:1325,0
DA:1326,0
DA:1328,0
DA:1329,0
DA:1334,0
DA:1335,0
DA:1338,0
DA:1339,0
DA:1340,0
DA:1341,0
DA:1342,0
DA:1343,0
DA:1344,0
DA:1345,0
DA:1346,0
DA:1347,0
DA:1348,0
DA:1349,0
DA:1355,0
DA:1356,0
DA:1361,0
DA:1362,0
DA:1364,0
DA:1365,0
DA:1366,0
DA:1367,0
DA:1368,0
DA:1377,0
DA:1380,0
DA:1381,0
DA:1383,0
DA:1385,0
DA:1386,0
DA:1387,0
DA:1388,0
DA:1398,0
DA:1399,0
DA:1400,0
DA:1401,0
DA:1403,0
DA:1415,0
DA:1418,0
DA:1419,0
DA:1421,0
DA:1423,0
DA:1429,0
DA:1430,0
DA:1432,0
DA:1434,0
DA:1445,0
DA:1446,0
DA:1447,0
DA:1448,0
DA:1449,0
DA:1456,0
DA:1463,0
DA:1471,0
DA:1476,0
DA:1479,0
DA:1480,0
DA:1487,0
DA:1489,0
DA:1490,0
DA:1493,0
DA:1501,0
DA:1502,0
DA:1503,0
DA:1506,0
DA:1507,0
DA:1508,0
DA:1509,0
DA:1513,0
DA:1522,0
DA:1523,0
DA:1525,0
DA:1526,0
DA:1528,0
DA:1529,0
DA:1537,0
DA:1538,0
DA:1539,0
DA:1542,0
DA:1543,0
DA:1544,0
DA:1547,0
DA:1548,0
DA:1556,0
DA:1559,0
DA:1560,0
DA:1562,0
DA:1568,0
DA:1570,0
DA:1571,0
DA:1579,0
DA:1580,0
DA:1581,0
DA:1582,0
DA:1584,0
DA:1585,0
DA:1588,0
DA:1589,0
DA:1591,0
DA:1592,0
DA:1593,0
DA:1597,0
DA:1604,0
DA:1605,0
DA:1606,0
DA:1609,0
DA:1611,0
DA:1612,0
DA:1614,0
DA:1620,0
DA:1621,0
DA:1623,0
DA:1624,0
DA:1625,0
DA:1626,0
DA:1628,0
DA:1632,0
DA:1633,0
DA:1634,0
DA:1635,0
DA:1645,0
DA:1646,0
DA:1649,0
DA:1650,0
DA:1653,0
DA:1654,0
DA:1658,0
DA:1659,0
DA:1660,0
DA:1662,0
DA:1667,0
DA:1668,0
DA:1670,0
DA:1672,0
DA:1679,0
DA:1683,0
DA:1687,0
DA:1688,0
DA:1689,0
DA:1694,0
DA:1695,0
DA:1696,0
DA:1697,0
DA:1700,0
DA:1706,0
DA:1714,0
DA:1715,0
DA:1717,0
DA:1718,0
DA:1719,0
DA:1720,0
DA:1721,0
DA:1722,0
DA:1724,0
DA:1725,0
DA:1726,0
DA:1736,0
DA:1737,0
DA:1739,0
DA:1750,0
DA:1751,0
DA:1752,0
DA:1753,0
DA:1755,0
DA:1760,0
DA:1761,0
DA:1762,0
DA:1764,0
DA:1765,0
DA:1766,0
DA:1768,0
LF:704
LH:0
BRDA:74,0,0,0
BRDA:74,1,0,0
BRDA:74,1,1,0
BRDA:97,2,0,0
BRDA:97,2,1,0
BRDA:101,3,0,0
BRDA:101,4,0,0
BRDA:101,4,1,0
BRDA:121,5,0,0
BRDA:137,6,0,0
BRDA:137,6,1,0
BRDA:138,7,0,0
BRDA:138,7,1,0
BRDA:140,8,0,0
BRDA:140,8,1,0
BRDA:141,9,0,0
BRDA:141,9,1,0
BRDA:152,10,0,0
BRDA:152,11,0,0
BRDA:152,11,1,0
BRDA:155,12,0,0
BRDA:155,12,1,0
BRDA:277,13,0,0
BRDA:280,14,0,0
BRDA:283,15,0,0
BRDA:290,16,0,0
BRDA:315,17,0,0
BRDA:319,18,0,0
BRDA:319,19,0,0
BRDA:319,19,1,0
BRDA:324,20,0,0
BRDA:324,20,1,0
BRDA:342,21,0,0
BRDA:342,22,0,0
BRDA:342,22,1,0
BRDA:343,23,0,0
BRDA:346,24,0,0
BRDA:346,24,1,0
BRDA:346,24,2,0
BRDA:346,24,3,0
BRDA:346,24,4,0
BRDA:351,25,0,0
BRDA:353,26,0,0
BRDA:368,27,0,0
BRDA:372,28,0,0
BRDA:372,28,1,0
BRDA:381,29,0,0
BRDA:382,30,0,0
BRDA:382,31,0,0
BRDA:382,31,1,0
BRDA:382,31,2,0
BRDA:384,32,0,0
BRDA:388,33,0,0
BRDA:388,33,1,0
BRDA:395,34,0,0
BRDA:395,34,1,0
BRDA:402,35,0,0
BRDA:402,36,0,0
BRDA:402,36,1,0
BRDA:405,37,0,0
BRDA:412,38,0,0
BRDA:417,39,0,0
BRDA:417,39,1,0
BRDA:419,40,0,0
BRDA:419,40,1,0
BRDA:424,41,0,0
BRDA:429,42,0,0
BRDA:433,43,0,0
BRDA:433,43,1,0
BRDA:436,44,0,0
BRDA:441,45,0,0
BRDA:441,45,1,0
BRDA:467,46,0,0
BRDA:470,47,0,0
BRDA:475,48,0,0
BRDA:475,49,0,0
BRDA:475,49,1,0
BRDA:475,49,2,0
BRDA:477,50,0,0
BRDA:480,51,0,0
BRDA:480,52,0,0
BRDA:480,52,1,0
BRDA:488,53,0,0
BRDA:537,54,0,0
BRDA:537,55,0,0
BRDA:537,55,1,0
BRDA:539,56,0,0
BRDA:539,57,0,0
BRDA:539,57,1,0
BRDA:543,58,0,0
BRDA:543,59,0,0
BRDA:543,59,1,0
BRDA:545,60,0,0
BRDA:545,61,0,0
BRDA:545,61,1,0
BRDA:549,62,0,0
BRDA:549,63,0,0
BRDA:549,63,1,0
BRDA:567,64,0,0
BRDA:593,65,0,0
BRDA:593,66,0,0
BRDA:593,66,1,0
BRDA:599,67,0,0
BRDA:601,68,0,0
BRDA:605,69,0,0
BRDA:605,69,1,0
BRDA:605,69,2,0
BRDA:605,69,3,0
BRDA:605,69,4,0
BRDA:611,70,0,0
BRDA:611,71,0,0
BRDA:611,71,1,0
BRDA:615,72,0,0
BRDA:615,73,0,0
BRDA:615,73,1,0
BRDA:618,74,0,0
BRDA:618,74,1,0
BRDA:629,75,0,0
BRDA:631,76,0,0
BRDA:631,77,0,0
BRDA:631,77,1,0
BRDA:648,78,0,0
BRDA:648,79,0,0
BRDA:648,79,1,0
BRDA:650,80,0,0
BRDA:675,81,0,0
BRDA:675,81,1,0
BRDA:701,82,0,0
BRDA:704,83,0,0
BRDA:704,83,1,0
BRDA:705,84,0,0
BRDA:705,85,0,0
BRDA:705,85,1,0
BRDA:706,86,0,0
BRDA:706,86,1,0
BRDA:706,87,0,0
BRDA:706,87,1,0
BRDA:713,88,0,0
BRDA:713,89,0,0
BRDA:713,89,1,0
BRDA:713,89,2,0
BRDA:720,90,0,0
BRDA:720,90,1,0
BRDA:724,91,0,0
BRDA:745,92,0,0
BRDA:745,92,1,0
BRDA:747,93,0,0
BRDA:749,94,0,0
BRDA:749,94,1,0
BRDA:749,95,0,0
BRDA:749,95,1,0
BRDA:749,95,2,0
BRDA:753,96,0,0
BRDA:753,97,0,0
BRDA:753,97,1,0
BRDA:775,98,0,0
BRDA:775,99,0,0
BRDA:775,99,1,0
BRDA:775,99,2,0
BRDA:789,100,0,0
BRDA:801,101,0,0
BRDA:801,102,0,0
BRDA:801,102,1,0
BRDA:808,103,0,0
BRDA:817,104,0,0
BRDA:825,105,0,0
BRDA:840,106,0,0
BRDA:846,107,0,0
BRDA:848,108,0,0
BRDA:851,109,0,0
BRDA:851,109,1,0
BRDA:851,109,2,0
BRDA:851,109,3,0
BRDA:851,109,4,0
BRDA:857,110,0,0
BRDA:859,111,0,0
BRDA:867,112,0,0
BRDA:876,113,0,0
BRDA:878,114,0,0
BRDA:878,114,1,0
BRDA:890,115,0,0
BRDA:896,116,0,0
BRDA:898,117,0,0
BRDA:919,118,0,0
BRDA:924,119,0,0
BRDA:924,119,1,0
BRDA:934,120,0,0
BRDA:934,121,0,0
BRDA:934,121,1,0
BRDA:942,122,0,0
BRDA:943,123,0,0
BRDA:944,124,0,0
BRDA:944,125,0,0
BRDA:944,125,1,0
BRDA:944,125,2,0
BRDA:947,126,0,0
BRDA:947,127,0,0
BRDA:947,127,1,0
BRDA:947,127,2,0
BRDA:956,128,0,0
BRDA:958,129,0,0
BRDA:960,130,0,0
BRDA:972,131,0,0
BRDA:985,132,0,0
BRDA:985,132,1,0
BRDA:986,133,0,0
BRDA:986,133,1,0
BRDA:990,134,0,0
BRDA:990,134,1,0
BRDA:991,135,0,0
BRDA:991,135,1,0
BRDA:995,136,0,0
BRDA:1000,137,0,0
BRDA:1000,137,1,0
BRDA:1017,138,0,0
BRDA:1017,139,0,0
BRDA:1017,139,1,0
BRDA:1023,140,0,0
BRDA:1031,141,0,0
BRDA:1031,141,1,0
BRDA:1053,142,0,0
BRDA:1053,142,1,0
BRDA:1058,143,0,0
BRDA:1058,143,1,0
BRDA:1110,144,0,0
BRDA:1110,144,1,0
BRDA:1115,145,0,0
BRDA:1123,146,0,0
BRDA:1160,147,0,0
BRDA:1160,147,1,0
BRDA:1161,148,0,0
BRDA:1161,149,0,0
BRDA:1161,149,1,0
BRDA:1166,150,0,0
BRDA:1166,150,1,0
BRDA:1167,151,0,0
BRDA:1171,152,0,0
BRDA:1171,152,1,0
BRDA:1174,153,0,0
BRDA:1187,154,0,0
BRDA:1190,155,0,0
BRDA:1191,156,0,0
BRDA:1191,156,1,0
BRDA:1192,157,0,0
BRDA:1192,157,1,0
BRDA:1214,158,0,0
BRDA:1214,158,1,0
BRDA:1218,159,0,0
BRDA:1218,159,1,0
BRDA:1218,160,0,0
BRDA:1218,160,1,0
BRDA:1237,161,0,0
BRDA:1237,161,1,0
BRDA:1238,162,0,0
BRDA:1238,162,1,0
BRDA:1260,163,0,0
BRDA:1260,163,1,0
BRDA:1261,164,0,0
BRDA:1262,165,0,0
BRDA:1262,166,0,0
BRDA:1262,166,1,0
BRDA:1276,167,0,0
BRDA:1293,168,0,0
BRDA:1293,168,1,0
BRDA:1312,169,0,0
BRDA:1323,170,0,0
BRDA:1334,171,0,0
BRDA:1335,172,0,0
BRDA:1335,173,0,0
BRDA:1335,173,1,0
BRDA:1343,174,0,0
BRDA:1343,174,1,0
BRDA:1344,175,0,0
BRDA:1344,176,0,0
BRDA:1344,176,1,0
BRDA:1348,177,0,0
BRDA:1348,177,1,0
BRDA:1349,178,0,0
BRDA:1365,179,0,0
BRDA:1365,180,0,0
BRDA:1365,180,1,0
BRDA:1367,181,0,0
BRDA:1367,181,1,0
BRDA:1385,182,0,0
BRDA:1387,183,0,0
BRDA:1399,184,0,0
BRDA:1418,185,0,0
BRDA:1421,186,0,0
BRDA:1421,187,0,0
BRDA:1421,187,1,0
BRDA:1429,188,0,0
BRDA:1434,189,0,0
BRDA:1434,189,1,0
BRDA:1436,190,0,0
BRDA:1436,190,1,0
BRDA:1447,191,0,0
BRDA:1447,191,1,0
BRDA:1447,191,2,0
BRDA:1489,192,0,0
BRDA:1507,193,0,0
BRDA:1584,194,0,0
BRDA:1591,195,0,0
BRDA:1605,196,0,0
BRDA:1611,197,0,0
BRDA:1611,197,1,0
BRDA:1611,198,0,0
BRDA:1611,198,1,0
BRDA:1626,199,0,0
BRDA:1659,200,0,0
BRDA:1659,200,1,0
BRDA:1668,201,0,0
BRDA:1668,202,0,0
BRDA:1668,202,1,0
BRDA:1687,203,0,0
BRDA:1694,204,0,0
BRDA:1715,205,0,0
BRDA:1715,206,0,0
BRDA:1715,206,1,0
BRDA:1720,207,0,0
BRDA:1720,208,0,0
BRDA:1720,208,1,0
BRDA:1733,209,0,0
BRDA:1733,209,1,0
BRDA:1751,210,0,0
BRDA:1761,211,0,0
BRDA:1761,211,1,0
BRDA:1761,212,0,0
BRDA:1761,212,1,0
BRF:328
BRH:0
end_of_record
TN:
SF:src/web/services/gun-bridge.ts
FN:39,(anonymous_0)
FN:40,(anonymous_1)
FN:47,(anonymous_2)
FN:51,(anonymous_3)
FN:57,(anonymous_4)
FN:85,(anonymous_5)
FN:86,(anonymous_6)
FN:94,(anonymous_7)
FN:99,(anonymous_8)
FN:106,(anonymous_9)
FN:110,(anonymous_10)
FN:118,(anonymous_11)
FN:122,(anonymous_12)
FN:131,(anonymous_13)
FN:136,(anonymous_14)
FN:141,(anonymous_15)
FN:148,(anonymous_16)
FN:153,(anonymous_17)
FN:158,(anonymous_18)
FN:165,(anonymous_19)
FN:173,(anonymous_20)
FN:178,(anonymous_21)
FNF:22
FNH:0
FNDA:0,(anonymous_0)
FNDA:0,(anonymous_1)
FNDA:0,(anonymous_2)
FNDA:0,(anonymous_3)
FNDA:0,(anonymous_4)
FNDA:0,(anonymous_5)
FNDA:0,(anonymous_6)
FNDA:0,(anonymous_7)
FNDA:0,(anonymous_8)
FNDA:0,(anonymous_9)
FNDA:0,(anonymous_10)
FNDA:0,(anonymous_11)
FNDA:0,(anonymous_12)
FNDA:0,(anonymous_13)
FNDA:0,(anonymous_14)
FNDA:0,(anonymous_15)
FNDA:0,(anonymous_16)
FNDA:0,(anonymous_17)
FNDA:0,(anonymous_18)
FNDA:0,(anonymous_19)
FNDA:0,(anonymous_20)
FNDA:0,(anonymous_21)
DA:28,0
DA:30,0
DA:31,0
DA:32,0
DA:33,0
DA:34,0
DA:40,0
DA:41,0
DA:42,0
DA:45,0
DA:46,0
DA:47,0
DA:48,0
DA:49,0
DA:51,0
DA:52,0
DA:53,0
DA:58,0
DA:61,0
DA:62,0
DA:63,0
DA:64,0
DA:68,0
DA:69,0
DA:70,0
DA:71,0
DA:73,0
DA:77,0
DA:78,0
DA:79,0
DA:81,0
DA:82,0
DA:86,0
DA:87,0
DA:88,0
DA:89,0
DA:95,0
DA:100,0
DA:101,0
DA:107,0
DA:111,0
DA:119,0
DA:120,0
DA:121,0
DA:122,0
DA:123,0
DA:124,0
DA:132,0
DA:137,0
DA:142,0
DA:149,0
DA:154,0
DA:159,0
DA:166,0
DA:174,0
DA:179,0
LF:56
LH:0
BRDA:39,0,0,0
BRDA:48,1,0,0
BRDA:48,1,1,0
BRDA:53,2,0,0
BRDA:61,3,0,0
BRDA:63,4,0,0
BRDA:68,5,0,0
BRDA:69,6,0,0
BRDA:78,7,0,0
BRDA:81,8,0,0
BRDA:81,8,1,0
BRDA:173,9,0,0
BRF:12
BRH:0
end_of_record
TN:
SF:src/web/services/web-chatroom-service.ts
FN:19,(anonymous_0)
FN:21,(anonymous_1)
FN:48,(anonymous_2)
FN:76,(anonymous_3)
FN:112,(anonymous_4)
FN:115,(anonymous_5)
FN:116,(anonymous_6)
FN:125,(anonymous_7)
FN:152,(anonymous_8)
FN:166,(anonymous_9)
FN:169,(anonymous_10)
FN:170,(anonymous_11)
FN:186,(anonymous_12)
FN:215,(anonymous_13)
FN:222,(anonymous_14)
FN:227,(anonymous_15)
FN:234,(anonymous_16)
FN:250,(anonymous_17)
FN:270,(anonymous_18)
FN:290,(anonymous_19)
FN:296,(anonymous_20)
FN:311,(anonymous_21)
FN:329,(anonymous_22)
FN:334,(anonymous_23)
FN:337,(anonymous_24)
FN:342,(anonymous_25)
FN:344,(anonymous_26)
FN:356,(anonymous_27)
FN:382,(anonymous_28)
FN:392,(anonymous_29)
FN:417,(anonymous_30)
FN:427,(anonymous_31)
FN:434,(anonymous_32)
FN:445,(anonymous_33)
FN:453,(anonymous_34)
FN:456,(anonymous_35)
FN:457,(anonymous_36)
FN:463,(anonymous_37)
FN:489,(anonymous_38)
FN:509,(anonymous_39)
FN:518,(anonymous_40)
FN:532,(anonymous_41)
FN:538,(anonymous_42)
FN:539,(anonymous_43)
FN:548,(anonymous_44)
FN:556,(anonymous_45)
FN:570,(anonymous_46)
FN:580,(anonymous_47)
FN:585,checkCapacityAndEvict
FN:597,(anonymous_49)
FN:603,(anonymous_50)
FN:625,(anonymous_51)
FN:659,(anonymous_52)
FN:685,(anonymous_53)
FN:696,(anonymous_54)
FN:702,(anonymous_55)
FN:707,(anonymous_56)
FN:711,(anonymous_57)
FN:712,(anonymous_58)
FN:720,(anonymous_59)
FN:748,(anonymous_60)
FN:749,(anonymous_61)
FN:751,(anonymous_62)
FN:773,(anonymous_63)
FNF:64
FNH:0
FNDA:0,(anonymous_0)
FNDA:0,(anonymous_1)
FNDA:0,(anonymous_2)
FNDA:0,(anonymous_3)
FNDA:0,(anonymous_4)
FNDA:0,(anonymous_5)
FNDA:0,(anonymous_6)
FNDA:0,(anonymous_7)
FNDA:0,(anonymous_8)
FNDA:0,(anonymous_9)
FNDA:0,(anonymous_10)
FNDA:0,(anonymous_11)
FNDA:0,(anonymous_12)
FNDA:0,(anonymous_13)
FNDA:0,(anonymous_14)
FNDA:0,(anonymous_15)
FNDA:0,(anonymous_16)
FNDA:0,(anonymous_17)
FNDA:0,(anonymous_18)
FNDA:0,(anonymous_19)
FNDA:0,(anonymous_20)
FNDA:0,(anonymous_21)
FNDA:0,(anonymous_22)
FNDA:0,(anonymous_23)
FNDA:0,(anonymous_24)
FNDA:0,(anonymous_25)
FNDA:0,(anonymous_26)
FNDA:0,(anonymous_27)
FNDA:0,(anonymous_28)
FNDA:0,(anonymous_29)
FNDA:0,(anonymous_30)
FNDA:0,(anonymous_31)
FNDA:0,(anonymous_32)
FNDA:0,(anonymous_33)
FNDA:0,(anonymous_34)
FNDA:0,(anonymous_35)
FNDA:0,(anonymous_36)
FNDA:0,(anonymous_37)
FNDA:0,(anonymous_38)
FNDA:0,(anonymous_39)
FNDA:0,(anonymous_40)
FNDA:0,(anonymous_41)
FNDA:0,(anonymous_42)
FNDA:0,(anonymous_43)
FNDA:0,(anonymous_44)
FNDA:0,(anonymous_45)
FNDA:0,(anonymous_46)
FNDA:0,(anonymous_47)
FNDA:0,checkCapacityAndEvict
FNDA:0,(anonymous_49)
FNDA:0,(anonymous_50)
FNDA:0,(anonymous_51)
FNDA:0,(anonymous_52)
FNDA:0,(anonymous_53)
FNDA:0,(anonymous_54)
FNDA:0,(anonymous_55)
FNDA:0,(anonymous_56)
FNDA:0,(anonymous_57)
FNDA:0,(anonymous_58)
FNDA:0,(anonymous_59)
FNDA:0,(anonymous_60)
FNDA:0,(anonymous_61)
FNDA:0,(anonymous_62)
FNDA:0,(anonymous_63)
DA:2,0
DA:4,0
DA:5,0
DA:7,0
DA:11,0
DA:12,0
DA:14,0
DA:15,0
DA:17,0
DA:19,0
DA:23,0
DA:27,0
DA:29,0
DA:31,0
DA:53,0
DA:54,0
DA:55,0
DA:58,0
DA:61,0
DA:62,0
DA:63,0
DA:68,0
DA:69,0
DA:70,0
DA:73,0
DA:83,0
DA:84,0
DA:85,0
DA:86,0
DA:87,0
DA:91,0
DA:94,0
DA:95,0
DA:97,0
DA:105,0
DA:106,0
DA:109,0
DA:112,0
DA:113,0
DA:114,0
DA:115,0
DA:116,0
DA:117,0
DA:120,0
DA:126,0
DA:127,0
DA:128,0
DA:132,0
DA:134,0
DA:137,0
DA:143,0
DA:145,0
DA:147,0
DA:150,0
DA:151,0
DA:152,0
DA:158,0
DA:162,0
DA:163,0
DA:166,0
DA:167,0
DA:168,0
DA:169,0
DA:170,0
DA:171,0
DA:174,0
DA:187,0
DA:188,0
DA:189,0
DA:193,0
DA:195,0
DA:196,0
DA:203,0
DA:205,0
DA:207,0
DA:210,0
DA:213,0
DA:214,0
DA:215,0
DA:222,0
DA:223,0
DA:227,0
DA:229,0
DA:234,0
DA:237,0
DA:238,0
DA:242,0
DA:244,0
DA:256,0
DA:257,0
DA:258,0
DA:261,0
DA:265,0
DA:272,0
DA:273,0
DA:278,0
DA:279,0
DA:280,0
DA:283,0
DA:284,0
DA:290,0
DA:302,0
DA:303,0
DA:304,0
DA:305,0
DA:308,0
DA:312,0
DA:315,0
DA:316,0
DA:317,0
DA:318,0
DA:321,0
DA:322,0
DA:326,0
DA:330,0
DA:331,0
DA:333,0
DA:334,0
DA:338,0
DA:339,0
DA:340,0
DA:342,0
DA:343,0
DA:344,0
DA:345,0
DA:346,0
DA:347,0
DA:350,0
DA:352,0
DA:357,0
DA:358,0
DA:359,0
DA:360,0
DA:361,0
DA:362,0
DA:363,0
DA:364,0
DA:370,0
DA:371,0
DA:372,0
DA:377,0
DA:378,0
DA:386,0
DA:391,0
DA:392,0
DA:393,0
DA:394,0
DA:397,0
DA:400,0
DA:401,0
DA:403,0
DA:404,0
DA:405,0
DA:406,0
DA:407,0
DA:410,0
DA:412,0
DA:418,0
DA:420,0
DA:421,0
DA:423,0
DA:426,0
DA:427,0
DA:428,0
DA:429,0
DA:434,0
DA:435,0
DA:436,0
DA:437,0
DA:438,0
DA:439,0
DA:440,0
DA:446,0
DA:454,0
DA:456,0
DA:457,0
DA:459,0
DA:464,0
DA:466,0
DA:467,0
DA:468,0
DA:471,0
DA:472,0
DA:473,0
DA:474,0
DA:475,0
DA:476,0
DA:480,0
DA:491,0
DA:492,0
DA:493,0
DA:496,0
DA:497,0
DA:500,0
DA:501,0
DA:504,0
DA:511,0
DA:514,0
DA:517,0
DA:518,0
DA:519,0
DA:520,0
DA:521,0
DA:522,0
DA:526,0
DA:527,0
DA:532,0
DA:539,0
DA:540,0
DA:552,0
DA:553,0
DA:554,0
DA:556,0
DA:557,0
DA:563,0
DA:565,0
DA:571,0
DA:572,0
DA:580,0
DA:581,0
DA:584,0
DA:586,0
DA:587,0
DA:588,0
DA:590,0
DA:592,0
DA:596,0
DA:597,0
DA:598,0
DA:599,0
DA:600,0
DA:603,0
DA:605,0
DA:606,0
DA:607,0
DA:608,0
DA:611,0
DA:614,0
DA:618,0
DA:620,0
DA:626,0
DA:627,0
DA:629,0
DA:630,0
DA:637,0
DA:639,0
DA:640,0
DA:643,0
DA:650,0
DA:652,0
DA:654,0
DA:655,0
DA:659,0
DA:660,0
DA:661,0
DA:662,0
DA:665,0
DA:669,0
DA:672,0
DA:676,0
DA:678,0
DA:691,0
DA:693,0
DA:696,0
DA:697,0
DA:703,0
DA:707,0
DA:711,0
DA:712,0
DA:714,0
DA:721,0
DA:722,0
DA:723,0
DA:725,0
DA:727,0
DA:728,0
DA:735,0
DA:738,0
DA:748,0
DA:749,0
DA:751,0
DA:752,0
DA:753,0
DA:754,0
DA:756,0
DA:758,0
DA:759,0
DA:765,0
DA:766,0
DA:767,0
DA:770,0
DA:773,0
DA:776,0
DA:777,0
LF:294
LH:0
BRDA:55,0,0,0
BRDA:55,0,1,0
BRDA:61,1,0,0
BRDA:83,2,0,0
BRDA:83,3,0,0
BRDA:83,3,1,0
BRDA:85,4,0,0
BRDA:102,5,0,0
BRDA:102,5,1,0
BRDA:112,6,0,0
BRDA:127,7,0,0
BRDA:127,7,1,0
BRDA:145,8,0,0
BRDA:145,8,1,0
BRDA:162,9,0,0
BRDA:162,9,1,0
BRDA:166,10,0,0
BRDA:188,11,0,0
BRDA:188,11,1,0
BRDA:205,12,0,0
BRDA:205,12,1,0
BRDA:237,13,0,0
BRDA:256,14,0,0
BRDA:272,15,0,0
BRDA:272,16,0,0
BRDA:272,16,1,0
BRDA:272,16,2,0
BRDA:278,17,0,0
BRDA:283,18,0,0
BRDA:302,19,0,0
BRDA:316,20,0,0
BRDA:330,21,0,0
BRDA:345,22,0,0
BRDA:357,23,0,0
BRDA:359,24,0,0
BRDA:361,25,0,0
BRDA:363,26,0,0
BRDA:363,27,0,0
BRDA:363,27,1,0
BRDA:370,28,0,0
BRDA:391,29,0,0
BRDA:391,30,0,0
BRDA:391,30,1,0
BRDA:393,31,0,0
BRDA:393,32,0,0
BRDA:393,32,1,0
BRDA:400,33,0,0
BRDA:405,34,0,0
BRDA:418,35,0,0
BRDA:420,36,0,0
BRDA:420,36,1,0
BRDA:420,37,0,0
BRDA:420,37,1,0
BRDA:421,38,0,0
BRDA:421,38,1,0
BRDA:426,39,0,0
BRDA:428,40,0,0
BRDA:428,41,0,0
BRDA:428,41,1,0
BRDA:438,42,0,0
BRDA:466,43,0,0
BRDA:473,44,0,0
BRDA:475,45,0,0
BRDA:475,46,0,0
BRDA:475,46,1,0
BRDA:492,47,0,0
BRDA:511,48,0,0
BRDA:517,49,0,0
BRDA:521,50,0,0
BRDA:521,51,0,0
BRDA:521,51,1,0
BRDA:571,52,0,0
BRDA:571,53,0,0
BRDA:571,53,1,0
BRDA:575,54,0,0
BRDA:575,54,1,0
BRDA:586,55,0,0
BRDA:596,56,0,0
BRDA:605,57,0,0
BRDA:626,58,0,0
BRDA:629,59,0,0
BRDA:629,59,1,0
BRDA:629,60,0,0
BRDA:629,60,1,0
BRDA:629,60,2,0
BRDA:633,61,0,0
BRDA:633,61,1,0
BRDA:634,62,0,0
BRDA:634,62,1,0
BRDA:639,63,0,0
BRDA:639,63,1,0
BRDA:660,64,0,0
BRDA:722,65,0,0
BRDA:722,65,1,0
BRDA:753,66,0,0
BRDA:753,66,1,0
BRDA:765,67,0,0
BRDA:776,68,0,0
BRF:98
BRH:0
end_of_record
TN:
SF:src/web/services/web-conversation-service.ts
FN:13,(anonymous_0)
FN:18,(anonymous_1)
FN:34,(anonymous_2)
FN:35,(anonymous_3)
FN:78,(anonymous_4)
FN:80,(anonymous_5)
FN:81,(anonymous_6)
FN:89,(anonymous_7)
FN:97,(anonymous_8)
FN:99,(anonymous_9)
FN:100,(anonymous_10)
FN:109,(anonymous_11)
FN:161,(anonymous_12)
FN:169,(anonymous_13)
FN:176,(anonymous_14)
FN:181,(anonymous_15)
FN:186,(anonymous_16)
FN:197,(anonymous_17)
FN:202,(anonymous_18)
FN:238,(anonymous_19)
FN:245,(anonymous_20)
FN:256,(anonymous_21)
FN:269,(anonymous_22)
FNF:23
FNH:0
FNDA:0,(anonymous_0)
FNDA:0,(anonymous_1)
FNDA:0,(anonymous_2)
FNDA:0,(anonymous_3)
FNDA:0,(anonymous_4)
FNDA:0,(anonymous_5)
FNDA:0,(anonymous_6)
FNDA:0,(anonymous_7)
FNDA:0,(anonymous_8)
FNDA:0,(anonymous_9)
FNDA:0,(anonymous_10)
FNDA:0,(anonymous_11)
FNDA:0,(anonymous_12)
FNDA:0,(anonymous_13)
FNDA:0,(anonymous_14)
FNDA:0,(anonymous_15)
FNDA:0,(anonymous_16)
FNDA:0,(anonymous_17)
FNDA:0,(anonymous_18)
FNDA:0,(anonymous_19)
FNDA:0,(anonymous_20)
FNDA:0,(anonymous_21)
FNDA:0,(anonymous_22)
DA:3,0
DA:12,0
DA:13,0
DA:25,0
DA:28,0
DA:29,0
DA:31,0
DA:34,0
DA:35,0
DA:36,0
DA:37,0
DA:38,0
DA:39,0
DA:43,0
DA:51,0
DA:56,0
DA:64,0
DA:72,0
DA:73,0
DA:79,0
DA:80,0
DA:81,0
DA:82,0
DA:83,0
DA:84,0
DA:86,0
DA:87,0
DA:88,0
DA:89,0
DA:91,0
DA:98,0
DA:99,0
DA:100,0
DA:101,0
DA:115,0
DA:116,0
DA:117,0
DA:119,0
DA:120,0
DA:128,0
DA:129,0
DA:130,0
DA:131,0
DA:133,0
DA:134,0
DA:135,0
DA:137,0
DA:138,0
DA:139,0
DA:141,0
DA:142,0
DA:143,0
DA:144,0
DA:153,0
DA:155,0
DA:162,0
DA:163,0
DA:165,0
DA:170,0
DA:171,0
DA:173,0
DA:176,0
DA:177,0
DA:181,0
DA:182,0
DA:191,0
DA:192,0
DA:193,0
DA:194,0
DA:196,0
DA:197,0
DA:198,0
DA:202,0
DA:204,0
DA:206,0
DA:207,0
DA:209,0
DA:210,0
DA:211,0
DA:212,0
DA:213,0
DA:214,0
DA:215,0
DA:216,0
DA:217,0
DA:225,0
DA:238,0
DA:239,0
DA:249,0
DA:250,0
DA:252,0
DA:257,0
DA:258,0
DA:260,0
DA:261,0
DA:264,0
DA:265,0
DA:269,0
DA:270,0
LF:99
LH:0
BRDA:36,0,0,0
BRDA:36,1,0,0
BRDA:36,1,1,0
BRDA:82,2,0,0
BRDA:88,3,0,0
BRDA:88,3,1,0
BRDA:115,4,0,0
BRDA:115,4,1,0
BRDA:128,5,0,0
BRDA:130,6,0,0
BRDA:133,7,0,0
BRDA:133,7,1,0
BRDA:134,8,0,0
BRDA:138,9,0,0
BRDA:170,10,0,0
BRDA:171,11,0,0
BRDA:204,12,0,0
BRDA:204,13,0,0
BRDA:204,13,1,0
BRDA:207,14,0,0
BRDA:207,14,1,0
BRDA:209,15,0,0
BRDA:209,16,0,0
BRDA:209,16,1,0
BRDA:212,17,0,0
BRDA:216,18,0,0
BRDA:217,19,0,0
BRDA:217,19,1,0
BRDA:226,20,0,0
BRDA:226,20,1,0
BRDA:233,21,0,0
BRDA:233,21,1,0
BRDA:257,22,0,0
BRDA:258,23,0,0
BRDA:264,24,0,0
BRDA:264,25,0,0
BRDA:264,25,1,0
BRF:37
BRH:0
end_of_record
TN:
SF:src/web/services/web-gun-service.ts
FN:27,(anonymous_1)
FN:33,(anonymous_2)
FN:42,(anonymous_3)
FN:45,(anonymous_4)
FN:68,(anonymous_5)
FN:76,(anonymous_6)
FN:82,(anonymous_7)
FN:87,(anonymous_8)
FN:110,(anonymous_9)
FN:138,(anonymous_10)
FN:139,(anonymous_11)
FN:143,(anonymous_12)
FN:147,(anonymous_13)
FN:162,(anonymous_14)
FN:163,(anonymous_15)
FN:166,(anonymous_16)
FN:175,(anonymous_17)
FN:182,(anonymous_18)
FN:183,(anonymous_19)
FN:187,(anonymous_20)
FN:192,(anonymous_21)
FN:196,(anonymous_22)
FN:200,(anonymous_23)
FN:205,(anonymous_24)
FN:210,(anonymous_25)
FN:215,(anonymous_26)
FN:223,(anonymous_27)
FN:231,(anonymous_28)
FN:235,(anonymous_29)
FN:243,(anonymous_30)
FN:279,(anonymous_31)
FN:280,(anonymous_32)
FN:293,(anonymous_33)
FNF:33
FNH:0
FNDA:0,(anonymous_1)
FNDA:0,(anonymous_2)
FNDA:0,(anonymous_3)
FNDA:0,(anonymous_4)
FNDA:0,(anonymous_5)
FNDA:0,(anonymous_6)
FNDA:0,(anonymous_7)
FNDA:0,(anonymous_8)
FNDA:0,(anonymous_9)
FNDA:0,(anonymous_10)
FNDA:0,(anonymous_11)
FNDA:0,(anonymous_12)
FNDA:0,(anonymous_13)
FNDA:0,(anonymous_14)
FNDA:0,(anonymous_15)
FNDA:0,(anonymous_16)
FNDA:0,(anonymous_17)
FNDA:0,(anonymous_18)
FNDA:0,(anonymous_19)
FNDA:0,(anonymous_20)
FNDA:0,(anonymous_21)
FNDA:0,(anonymous_22)
FNDA:0,(anonymous_23)
FNDA:0,(anonymous_24)
FNDA:0,(anonymous_25)
FNDA:0,(anonymous_26)
FNDA:0,(anonymous_27)
FNDA:0,(anonymous_28)
FNDA:0,(anonymous_29)
FNDA:0,(anonymous_30)
FNDA:0,(anonymous_31)
FNDA:0,(anonymous_32)
FNDA:0,(anonymous_33)
DA:1,0
DA:2,0
DA:3,0
DA:4,0
DA:6,0
DA:19,0
DA:23,0
DA:25,0
DA:28,0
DA:29,0
DA:30,0
DA:34,0
DA:36,0
DA:42,0
DA:43,0
DA:45,0
DA:46,0
DA:52,0
DA:53,0
DA:54,0
DA:56,0
DA:59,0
DA:60,0
DA:62,0
DA:63,0
DA:69,0
DA:77,0
DA:83,0
DA:84,0
DA:85,0
DA:86,0
DA:87,0
DA:88,0
DA:89,0
DA:90,0
DA:93,0
DA:95,0
DA:96,0
DA:97,0
DA:98,0
DA:99,0
DA:100,0
DA:101,0
DA:105,0
DA:107,0
DA:111,0
DA:112,0
DA:114,0
DA:115,0
DA:116,0
DA:117,0
DA:118,0
DA:119,0
DA:122,0
DA:124,0
DA:125,0
DA:126,0
DA:127,0
DA:128,0
DA:131,0
DA:133,0
DA:139,0
DA:140,0
DA:141,0
DA:143,0
DA:144,0
DA:147,0
DA:148,0
DA:149,0
DA:150,0
DA:152,0
DA:153,0
DA:157,0
DA:163,0
DA:166,0
DA:167,0
DA:168,0
DA:169,0
DA:171,0
DA:175,0
DA:176,0
DA:177,0
DA:183,0
DA:184,0
DA:185,0
DA:187,0
DA:193,0
DA:197,0
DA:201,0
DA:206,0
DA:211,0
DA:216,0
DA:217,0
DA:224,0
DA:232,0
DA:236,0
DA:244,0
DA:245,0
DA:246,0
DA:248,0
DA:249,0
DA:251,0
DA:252,0
DA:253,0
DA:255,0
DA:258,0
DA:259,0
DA:260,0
DA:261,0
DA:262,0
DA:265,0
DA:268,0
DA:270,0
DA:271,0
DA:272,0
DA:278,0
DA:279,0
DA:280,0
DA:281,0
DA:282,0
DA:284,0
DA:288,0
DA:289,0
DA:294,0
LF:124
LH:0
BRDA:43,0,0,0
BRDA:43,0,1,0
BRDA:46,1,0,0
BRDA:46,1,1,0
BRDA:83,2,0,0
BRDA:83,3,0,0
BRDA:83,3,1,0
BRDA:84,4,0,0
BRDA:85,5,0,0
BRDA:89,6,0,0
BRDA:89,7,0,0
BRDA:89,7,1,0
BRDA:95,8,0,0
BRDA:95,9,0,0
BRDA:95,9,1,0
BRDA:98,10,0,0
BRDA:100,11,0,0
BRDA:100,12,0,0
BRDA:100,12,1,0
BRDA:111,13,0,0
BRDA:111,14,0,0
BRDA:111,14,1,0
BRDA:114,15,0,0
BRDA:114,16,0,0
BRDA:114,16,1,0
BRDA:114,16,2,0
BRDA:116,17,0,0
BRDA:116,17,1,0
BRDA:118,18,0,0
BRDA:124,19,0,0
BRDA:124,20,0,0
BRDA:124,20,1,0
BRDA:127,21,0,0
BRDA:149,22,0,0
BRDA:149,22,1,0
BRDA:168,23,0,0
BRDA:168,23,1,0
BRDA:231,24,0,0
BRDA:245,25,0,0
BRDA:248,26,0,0
BRDA:253,27,0,0
BRDA:253,27,1,0
BRDA:258,28,0,0
BRDA:258,28,1,0
BRDA:261,29,0,0
BRDA:261,30,0,0
BRDA:261,30,1,0
BRDA:271,31,0,0
BRDA:281,32,0,0
BRDA:281,32,1,0
BRDA:281,33,0,0
BRDA:281,33,1,0
BRF:52
BRH:0
end_of_record
TN:
SF:src/web/services/web-talk-service.ts
FN:8,(anonymous_0)
FN:15,(anonymous_1)
FN:26,(anonymous_2)
FN:29,(anonymous_3)
FN:30,(anonymous_4)
FN:31,(anonymous_5)
FN:37,(anonymous_6)
FN:42,(anonymous_7)
FN:46,(anonymous_8)
FN:60,(anonymous_9)
FN:100,(anonymous_10)
FN:112,(anonymous_11)
FN:118,(anonymous_12)
FN:127,(anonymous_13)
FN:149,(anonymous_14)
FN:159,(anonymous_15)
FN:194,(anonymous_16)
FN:219,(anonymous_17)
FN:244,(anonymous_18)
FN:253,(anonymous_19)
FNF:20
FNH:0
FNDA:0,(anonymous_0)
FNDA:0,(anonymous_1)
FNDA:0,(anonymous_2)
FNDA:0,(anonymous_3)
FNDA:0,(anonymous_4)
FNDA:0,(anonymous_5)
FNDA:0,(anonymous_6)
FNDA:0,(anonymous_7)
FNDA:0,(anonymous_8)
FNDA:0,(anonymous_9)
FNDA:0,(anonymous_10)
FNDA:0,(anonymous_11)
FNDA:0,(anonymous_12)
FNDA:0,(anonymous_13)
FNDA:0,(anonymous_14)
FNDA:0,(anonymous_15)
FNDA:0,(anonymous_16)
FNDA:0,(anonymous_17)
FNDA:0,(anonymous_18)
FNDA:0,(anonymous_19)
DA:2,0
DA:4,0
DA:5,0
DA:7,0
DA:9,0
DA:11,0
DA:16,0
DA:17,0
DA:18,0
DA:19,0
DA:20,0
DA:21,0
DA:23,0
DA:25,0
DA:26,0
DA:27,0
DA:28,0
DA:29,0
DA:30,0
DA:31,0
DA:34,0
DA:38,0
DA:39,0
DA:43,0
DA:44,0
DA:45,0
DA:46,0
DA:48,0
DA:49,0
DA:50,0
DA:51,0
DA:52,0
DA:53,0
DA:55,0
DA:57,0
DA:61,0
DA:74,0
DA:75,0
DA:76,0
DA:78,0
DA:80,0
DA:82,0
DA:84,0
DA:86,0
DA:92,0
DA:93,0
DA:95,0
DA:96,0
DA:101,0
DA:102,0
DA:103,0
DA:104,0
DA:105,0
DA:107,0
DA:116,0
DA:117,0
DA:118,0
DA:119,0
DA:121,0
DA:122,0
DA:123,0
DA:124,0
DA:127,0
DA:128,0
DA:129,0
DA:130,0
DA:131,0
DA:132,0
DA:133,0
DA:134,0
DA:135,0
DA:136,0
DA:138,0
DA:139,0
DA:141,0
DA:146,0
DA:147,0
DA:148,0
DA:149,0
DA:152,0
DA:153,0
DA:154,0
DA:155,0
DA:156,0
DA:160,0
DA:161,0
DA:162,0
DA:164,0
DA:179,0
DA:180,0
DA:181,0
DA:182,0
DA:183,0
DA:184,0
DA:185,0
DA:186,0
DA:191,0
DA:200,0
DA:215,0
DA:216,0
DA:226,0
DA:235,0
DA:241,0
DA:245,0
DA:254,0
DA:255,0
DA:256,0
DA:258,0
LF:108
LH:0
BRDA:16,0,0,0
BRDA:17,1,0,0
BRDA:17,2,0,0
BRDA:17,2,1,0
BRDA:17,2,2,0
BRDA:18,3,0,0
BRDA:18,3,1,0
BRDA:21,4,0,0
BRDA:25,5,0,0
BRDA:25,6,0,0
BRDA:25,6,1,0
BRDA:27,7,0,0
BRDA:38,8,0,0
BRDA:38,9,0,0
BRDA:38,9,1,0
BRDA:43,10,0,0
BRDA:43,11,0,0
BRDA:43,11,1,0
BRDA:45,12,0,0
BRDA:48,13,0,0
BRDA:48,14,0,0
BRDA:48,14,1,0
BRDA:48,14,2,0
BRDA:49,15,0,0
BRDA:49,15,1,0
BRDA:52,16,0,0
BRDA:63,17,0,0
BRDA:63,17,1,0
BRDA:64,18,0,0
BRDA:64,18,1,0
BRDA:65,19,0,0
BRDA:65,19,1,0
BRDA:66,20,0,0
BRDA:66,20,1,0
BRDA:67,21,0,0
BRDA:67,21,1,0
BRDA:68,22,0,0
BRDA:68,22,1,0
BRDA:69,23,0,0
BRDA:69,23,1,0
BRDA:71,24,0,0
BRDA:71,24,1,0
BRDA:74,25,0,0
BRDA:75,26,0,0
BRDA:76,27,0,0
BRDA:78,28,0,0
BRDA:78,28,1,0
BRDA:103,29,0,0
BRDA:103,30,0,0
BRDA:103,30,1,0
BRDA:104,31,0,0
BRDA:104,31,1,0
BRDA:116,32,0,0
BRDA:116,32,1,0
BRDA:117,33,0,0
BRDA:117,33,1,0
BRDA:119,34,0,0
BRDA:121,35,0,0
BRDA:121,36,0,0
BRDA:121,36,1,0
BRDA:122,37,0,0
BRDA:122,38,0,0
BRDA:122,38,1,0
BRDA:124,39,0,0
BRDA:124,39,1,0
BRDA:124,39,2,0
BRDA:129,40,0,0
BRDA:132,41,0,0
BRDA:133,42,0,0
BRDA:135,43,0,0
BRDA:135,44,0,0
BRDA:135,44,1,0
BRDA:135,44,2,0
BRDA:139,45,0,0
BRDA:139,45,1,0
BRDA:148,46,0,0
BRDA:149,47,0,0
BRDA:153,48,0,0
BRDA:155,49,0,0
BRDA:156,50,0,0
BRDA:156,50,1,0
BRDA:161,51,0,0
BRDA:168,52,0,0
BRDA:168,52,1,0
BRDA:170,53,0,0
BRDA:170,53,1,0
BRDA:171,54,0,0
BRDA:171,54,1,0
BRDA:172,55,0,0
BRDA:172,55,1,0
BRDA:173,56,0,0
BRDA:173,56,1,0
BRDA:174,57,0,0
BRDA:174,57,1,0
BRDA:176,58,0,0
BRDA:176,58,1,0
BRDA:179,59,0,0
BRDA:179,59,1,0
BRDA:180,60,0,0
BRDA:181,61,0,0
BRDA:181,61,1,0
BRDA:182,62,0,0
BRDA:183,63,0,0
BRDA:183,63,1,0
BRDA:184,64,0,0
BRDA:189,65,0,0
BRDA:189,65,1,0
BRDA:255,66,0,0
BRF:108
BRH:0
end_of_record
TN:
SF:src/web/services/web-user-service.ts
FN:16,(anonymous_0)
FN:18,(anonymous_1)
FN:55,(anonymous_2)
FN:59,(anonymous_3)
FN:64,(anonymous_4)
FN:71,(anonymous_5)
FN:78,(anonymous_6)
FN:82,(anonymous_7)
FN:88,(anonymous_8)
FN:92,(anonymous_9)
FN:98,(anonymous_10)
FN:106,(anonymous_11)
FN:114,(anonymous_12)
FN:132,(anonymous_13)
FN:136,(anonymous_14)
FN:137,(anonymous_15)
FN:146,(anonymous_16)
FN:148,(anonymous_17)
FN:159,(anonymous_18)
FN:166,(anonymous_19)
FN:175,(anonymous_20)
FN:182,(anonymous_21)
FN:186,(anonymous_22)
FNF:23
FNH:0
FNDA:0,(anonymous_0)
FNDA:0,(anonymous_1)
FNDA:0,(anonymous_2)
FNDA:0,(anonymous_3)
FNDA:0,(anonymous_4)
FNDA:0,(anonymous_5)
FNDA:0,(anonymous_6)
FNDA:0,(anonymous_7)
FNDA:0,(anonymous_8)
FNDA:0,(anonymous_9)
FNDA:0,(anonymous_10)
FNDA:0,(anonymous_11)
FNDA:0,(anonymous_12)
FNDA:0,(anonymous_13)
FNDA:0,(anonymous_14)
FNDA:0,(anonymous_15)
FNDA:0,(anonymous_16)
FNDA:0,(anonymous_17)
FNDA:0,(anonymous_18)
FNDA:0,(anonymous_19)
FNDA:0,(anonymous_20)
FNDA:0,(anonymous_21)
FNDA:0,(anonymous_22)
DA:8,0
DA:10,0
DA:11,0
DA:12,0
DA:15,0
DA:16,0
DA:19,0
DA:20,0
DA:22,0
DA:47,0
DA:48,0
DA:49,0
DA:51,0
DA:52,0
DA:56,0
DA:60,0
DA:61,0
DA:65,0
DA:72,0
DA:79,0
DA:80,0
DA:81,0
DA:82,0
DA:83,0
DA:88,0
DA:91,0
DA:92,0
DA:93,0
DA:98,0
DA:112,0
DA:113,0
DA:114,0
DA:115,0
DA:116,0
DA:117,0
DA:118,0
DA:119,0
DA:120,0
DA:127,0
DA:133,0
DA:134,0
DA:135,0
DA:136,0
DA:137,0
DA:138,0
DA:140,0
DA:141,0
DA:147,0
DA:148,0
DA:149,0
DA:150,0
DA:151,0
DA:152,0
DA:153,0
DA:159,0
DA:160,0
DA:161,0
DA:167,0
DA:172,0
DA:173,0
DA:174,0
DA:175,0
DA:176,0
DA:183,0
DA:184,0
DA:185,0
DA:186,0
DA:187,0
LF:68
LH:0
BRDA:24,0,0,0
BRDA:24,0,1,0
BRDA:25,1,0,0
BRDA:25,1,1,0
BRDA:39,2,0,0
BRDA:39,2,1,0
BRDA:40,3,0,0
BRDA:40,3,1,0
BRDA:41,4,0,0
BRDA:41,4,1,0
BRDA:44,5,0,0
BRDA:44,5,1,0
BRDA:47,6,0,0
BRDA:47,6,1,0
BRDA:48,7,0,0
BRDA:49,8,0,0
BRDA:81,9,0,0
BRDA:81,9,1,0
BRDA:88,10,0,0
BRDA:88,10,1,0
BRDA:98,11,0,0
BRDA:98,11,1,0
BRDA:112,12,0,0
BRDA:112,12,1,0
BRDA:115,13,0,0
BRDA:115,13,1,0
BRDA:116,14,0,0
BRDA:123,15,0,0
BRDA:123,15,1,0
BRDA:147,16,0,0
BRDA:147,17,0,0
BRDA:147,17,1,0
BRDA:147,17,2,0
BRDA:151,18,0,0
BRDA:152,19,0,0
BRDA:152,19,1,0
BRDA:175,20,0,0
BRDA:175,20,1,0
BRDA:186,21,0,0
BRDA:186,21,1,0
BRF:40
BRH:0
end_of_record
TN:
SF:src/web/ui/ui-manager.ts
FN:19,(anonymous_0)
FN:34,(anonymous_1)
FN:38,(anonymous_2)
FN:47,(anonymous_3)
FN:223,(anonymous_4)
FN:229,(anonymous_5)
FN:237,(anonymous_6)
FN:245,(anonymous_7)
FN:252,(anonymous_8)
FN:260,(anonymous_9)
FN:267,(anonymous_10)
FN:274,(anonymous_11)
FN:281,(anonymous_12)
FN:289,(anonymous_13)
FN:297,(anonymous_14)
FN:305,(anonymous_15)
FN:311,(anonymous_16)
FN:320,(anonymous_17)
FN:330,(anonymous_18)
FN:333,(anonymous_19)
FN:334,(anonymous_20)
FN:343,(anonymous_21)
FN:351,(anonymous_22)
FN:357,(anonymous_23)
FN:358,(anonymous_24)
FN:363,(anonymous_25)
FN:367,(anonymous_26)
FN:424,(anonymous_27)
FN:469,(anonymous_28)
FN:473,(anonymous_29)
FN:479,(anonymous_30)
FN:497,(anonymous_31)
FN:513,(anonymous_32)
FN:522,(anonymous_33)
FN:545,(anonymous_34)
FN:557,(anonymous_35)
FN:569,(anonymous_36)
FN:570,(anonymous_37)
FN:582,(anonymous_38)
FN:598,(anonymous_39)
FN:607,(anonymous_40)
FN:619,(anonymous_41)
FN:620,(anonymous_42)
FN:627,(anonymous_43)
FN:632,(anonymous_44)
FN:644,(anonymous_45)
FN:660,(anonymous_46)
FN:689,(anonymous_47)
FN:690,(anonymous_48)
FN:701,(anonymous_49)
FN:702,(anonymous_50)
FN:715,(anonymous_51)
FN:725,(anonymous_52)
FN:735,(anonymous_53)
FN:763,(anonymous_54)
FN:774,(anonymous_55)
FN:784,(anonymous_56)
FN:795,(anonymous_57)
FN:807,(anonymous_58)
FN:821,(anonymous_59)
FN:836,(anonymous_60)
FN:840,(anonymous_61)
FN:842,(anonymous_62)
FN:858,(anonymous_63)
FN:865,(anonymous_64)
FN:866,(anonymous_65)
FN:915,(anonymous_66)
FN:920,(anonymous_67)
FN:977,(anonymous_68)
FN:982,(anonymous_69)
FN:989,(anonymous_70)
FN:1001,(anonymous_71)
FN:1005,(anonymous_72)
FN:1009,(anonymous_73)
FN:1014,(anonymous_74)
FN:1016,(anonymous_75)
FN:1036,(anonymous_76)
FN:1048,(anonymous_77)
FN:1072,(anonymous_78)
FN:1073,(anonymous_79)
FN:1080,(anonymous_80)
FN:1081,(anonymous_81)
FN:1089,(anonymous_82)
FN:1092,(anonymous_83)
FN:1118,(anonymous_84)
FN:1132,(anonymous_85)
FN:1145,(anonymous_86)
FN:1151,(anonymous_87)
FN:1155,(anonymous_88)
FN:1161,(anonymous_89)
FN:1191,(anonymous_90)
FN:1203,(anonymous_91)
FN:1210,(anonymous_92)
FN:1226,(anonymous_93)
FN:1250,(anonymous_94)
FN:1251,(anonymous_95)
FN:1261,(anonymous_96)
FN:1266,(anonymous_97)
FN:1296,(anonymous_98)
FN:1312,(anonymous_99)
FN:1321,(anonymous_100)
FN:1330,(anonymous_101)
FN:1339,(anonymous_102)
FN:1340,(anonymous_103)
FN:1372,(anonymous_104)
FN:1377,(anonymous_105)
FN:1399,(anonymous_106)
FN:1415,(anonymous_107)
FN:1419,(anonymous_108)
FN:1436,(anonymous_109)
FN:1449,(anonymous_110)
FN:1467,(anonymous_111)
FN:1468,(anonymous_112)
FN:1471,(anonymous_113)
FN:1497,(anonymous_114)
FN:1510,(anonymous_115)
FN:1511,(anonymous_116)
FN:1542,(anonymous_117)
FN:1559,(anonymous_118)
FN:1584,(anonymous_119)
FN:1595,(anonymous_120)
FN:1614,(anonymous_121)
FN:1646,(anonymous_122)
FN:1669,(anonymous_123)
FN:1707,(anonymous_124)
FN:1753,(anonymous_125)
FN:1776,(anonymous_126)
FN:1793,(anonymous_127)
FN:1807,(anonymous_128)
FN:1808,(anonymous_129)
FN:1816,(anonymous_130)
FN:1828,(anonymous_131)
FN:1829,(anonymous_132)
FN:1831,(anonymous_133)
FN:1838,(anonymous_134)
FN:1843,(anonymous_135)
FN:1847,(anonymous_136)
FN:1901,(anonymous_137)
FN:1922,(anonymous_138)
FN:1943,(anonymous_139)
FN:1971,(anonymous_140)
FN:1985,(anonymous_141)
FN:2017,(anonymous_142)
FN:2032,(anonymous_143)
FN:2052,(anonymous_144)
FN:2065,(anonymous_145)
FN:2081,(anonymous_146)
FN:2089,(anonymous_147)
FN:2101,(anonymous_148)
FN:2110,(anonymous_149)
FN:2138,(anonymous_150)
FN:2164,(anonymous_151)
FN:2189,(anonymous_152)
FN:2291,(anonymous_153)
FN:2299,(anonymous_154)
FN:2300,(anonymous_155)
FN:2329,(anonymous_156)
FN:2330,(anonymous_157)
FN:2369,(anonymous_158)
FN:2370,(anonymous_159)
FN:2386,(anonymous_160)
FN:2400,(anonymous_161)
FN:2409,(anonymous_162)
FN:2425,(anonymous_163)
FN:2458,(anonymous_164)
FN:2462,(anonymous_165)
FN:2468,(anonymous_166)
FN:2474,(anonymous_167)
FN:2487,(anonymous_168)
FN:2510,(anonymous_169)
FN:2512,(anonymous_170)
FN:2524,(anonymous_171)
FN:2529,(anonymous_172)
FN:2533,(anonymous_173)
FN:2537,(anonymous_174)
FN:2541,(anonymous_175)
FN:2552,(anonymous_176)
FN:2572,(anonymous_177)
FN:2581,(anonymous_178)
FN:2601,(anonymous_179)
FN:2606,(anonymous_180)
FN:2613,(anonymous_181)
FN:2632,(anonymous_182)
FN:2696,(anonymous_183)
FN:2704,(anonymous_184)
FN:2705,(anonymous_185)
FN:2718,(anonymous_186)
FN:2719,(anonymous_187)
FN:2734,(anonymous_188)
FN:2735,(anonymous_189)
FN:2750,(anonymous_190)
FN:2763,(anonymous_191)
FN:2772,(anonymous_192)
FN:2790,(anonymous_193)
FN:2800,(anonymous_194)
FN:2808,(anonymous_195)
FN:2816,(anonymous_196)
FN:2817,(anonymous_197)
FN:2822,(anonymous_198)
FN:2826,(anonymous_199)
FN:2830,(anonymous_200)
FN:2834,(anonymous_201)
FN:2877,(anonymous_202)
FN:2883,(anonymous_203)
FN:2891,(anonymous_204)
FN:2978,(anonymous_205)
FN:2987,(anonymous_206)
FN:3001,(anonymous_207)
FN:3007,(anonymous_208)
FN:3020,(anonymous_209)
FN:3072,(anonymous_210)
FN:3079,(anonymous_211)
FN:3096,(anonymous_212)
FN:3111,(anonymous_213)
FN:3112,(anonymous_214)
FN:3134,(anonymous_215)
FN:3141,(anonymous_216)
FN:3148,(anonymous_217)
FN:3155,(anonymous_218)
FN:3164,(anonymous_219)
FN:3201,(anonymous_220)
FN:3208,(anonymous_221)
FN:3215,(anonymous_222)
FN:3254,(anonymous_223)
FN:3263,(anonymous_224)
FN:3271,(anonymous_225)
FN:3283,(anonymous_226)
FN:3288,(anonymous_227)
FN:3302,(anonymous_228)
FN:3304,(anonymous_229)
FN:3319,(anonymous_230)
FN:3321,(anonymous_231)
FN:3330,(anonymous_232)
FN:3334,(anonymous_233)
FN:3340,(anonymous_234)
FN:3359,(anonymous_235)
FN:3369,(anonymous_236)
FN:3418,(anonymous_237)
FN:3428,(anonymous_238)
FN:3507,(anonymous_239)
FN:3519,(anonymous_240)
FN:3526,(anonymous_241)
FN:3557,(anonymous_242)
FN:3573,(anonymous_243)
FN:3580,(anonymous_244)
FN:3581,(anonymous_245)
FN:3593,(anonymous_246)
FN:3605,(anonymous_247)
FN:3612,(anonymous_248)
FN:3616,(anonymous_249)
FN:3619,(anonymous_250)
FN:3623,(anonymous_251)
FN:3638,(anonymous_252)
FN:3655,(anonymous_253)
FN:3671,(anonymous_254)
FN:3675,(anonymous_255)
FN:3681,(anonymous_256)
FN:3682,(anonymous_257)
FN:3690,(anonymous_258)
FN:3693,(anonymous_259)
FN:3712,(anonymous_260)
FN:3728,(anonymous_261)
FN:3745,(anonymous_262)
FN:3785,(anonymous_263)
FNF:264
FNH:0
FNDA:0,(anonymous_0)
FNDA:0,(anonymous_1)
FNDA:0,(anonymous_2)
FNDA:0,(anonymous_3)
FNDA:0,(anonymous_4)
FNDA:0,(anonymous_5)
FNDA:0,(anonymous_6)
FNDA:0,(anonymous_7)
FNDA:0,(anonymous_8)
FNDA:0,(anonymous_9)
FNDA:0,(anonymous_10)
FNDA:0,(anonymous_11)
FNDA:0,(anonymous_12)
FNDA:0,(anonymous_13)
FNDA:0,(anonymous_14)
FNDA:0,(anonymous_15)
FNDA:0,(anonymous_16)
FNDA:0,(anonymous_17)
FNDA:0,(anonymous_18)
FNDA:0,(anonymous_19)
FNDA:0,(anonymous_20)
FNDA:0,(anonymous_21)
FNDA:0,(anonymous_22)
FNDA:0,(anonymous_23)
FNDA:0,(anonymous_24)
FNDA:0,(anonymous_25)
FNDA:0,(anonymous_26)
FNDA:0,(anonymous_27)
FNDA:0,(anonymous_28)
FNDA:0,(anonymous_29)
FNDA:0,(anonymous_30)
FNDA:0,(anonymous_31)
FNDA:0,(anonymous_32)
FNDA:0,(anonymous_33)
FNDA:0,(anonymous_34)
FNDA:0,(anonymous_35)
FNDA:0,(anonymous_36)
FNDA:0,(anonymous_37)
FNDA:0,(anonymous_38)
FNDA:0,(anonymous_39)
FNDA:0,(anonymous_40)
FNDA:0,(anonymous_41)
FNDA:0,(anonymous_42)
FNDA:0,(anonymous_43)
FNDA:0,(anonymous_44)
FNDA:0,(anonymous_45)
FNDA:0,(anonymous_46)
FNDA:0,(anonymous_47)
FNDA:0,(anonymous_48)
FNDA:0,(anonymous_49)
FNDA:0,(anonymous_50)
FNDA:0,(anonymous_51)
FNDA:0,(anonymous_52)
FNDA:0,(anonymous_53)
FNDA:0,(anonymous_54)
FNDA:0,(anonymous_55)
FNDA:0,(anonymous_56)
FNDA:0,(anonymous_57)
FNDA:0,(anonymous_58)
FNDA:0,(anonymous_59)
FNDA:0,(anonymous_60)
FNDA:0,(anonymous_61)
FNDA:0,(anonymous_62)
FNDA:0,(anonymous_63)
FNDA:0,(anonymous_64)
FNDA:0,(anonymous_65)
FNDA:0,(anonymous_66)
FNDA:0,(anonymous_67)
FNDA:0,(anonymous_68)
FNDA:0,(anonymous_69)
FNDA:0,(anonymous_70)
FNDA:0,(anonymous_71)
FNDA:0,(anonymous_72)
FNDA:0,(anonymous_73)
FNDA:0,(anonymous_74)
FNDA:0,(anonymous_75)
FNDA:0,(anonymous_76)
FNDA:0,(anonymous_77)
FNDA:0,(anonymous_78)
FNDA:0,(anonymous_79)
FNDA:0,(anonymous_80)
FNDA:0,(anonymous_81)
FNDA:0,(anonymous_82)
FNDA:0,(anonymous_83)
FNDA:0,(anonymous_84)
FNDA:0,(anonymous_85)
FNDA:0,(anonymous_86)
FNDA:0,(anonymous_87)
FNDA:0,(anonymous_88)
FNDA:0,(anonymous_89)
FNDA:0,(anonymous_90)
FNDA:0,(anonymous_91)
FNDA:0,(anonymous_92)
FNDA:0,(anonymous_93)
FNDA:0,(anonymous_94)
FNDA:0,(anonymous_95)
FNDA:0,(anonymous_96)
FNDA:0,(anonymous_97)
FNDA:0,(anonymous_98)
FNDA:0,(anonymous_99)
FNDA:0,(anonymous_100)
FNDA:0,(anonymous_101)
FNDA:0,(anonymous_102)
FNDA:0,(anonymous_103)
FNDA:0,(anonymous_104)
FNDA:0,(anonymous_105)
FNDA:0,(anonymous_106)
FNDA:0,(anonymous_107)
FNDA:0,(anonymous_108)
FNDA:0,(anonymous_109)
FNDA:0,(anonymous_110)
FNDA:0,(anonymous_111)
FNDA:0,(anonymous_112)
FNDA:0,(anonymous_113)
FNDA:0,(anonymous_114)
FNDA:0,(anonymous_115)
FNDA:0,(anonymous_116)
FNDA:0,(anonymous_117)
FNDA:0,(anonymous_118)
FNDA:0,(anonymous_119)
FNDA:0,(anonymous_120)
FNDA:0,(anonymous_121)
FNDA:0,(anonymous_122)
FNDA:0,(anonymous_123)
FNDA:0,(anonymous_124)
FNDA:0,(anonymous_125)
FNDA:0,(anonymous_126)
FNDA:0,(anonymous_127)
FNDA:0,(anonymous_128)
FNDA:0,(anonymous_129)
FNDA:0,(anonymous_130)
FNDA:0,(anonymous_131)
FNDA:0,(anonymous_132)
FNDA:0,(anonymous_133)
FNDA:0,(anonymous_134)
FNDA:0,(anonymous_135)
FNDA:0,(anonymous_136)
FNDA:0,(anonymous_137)
FNDA:0,(anonymous_138)
FNDA:0,(anonymous_139)
FNDA:0,(anonymous_140)
FNDA:0,(anonymous_141)
FNDA:0,(anonymous_142)
FNDA:0,(anonymous_143)
FNDA:0,(anonymous_144)
FNDA:0,(anonymous_145)
FNDA:0,(anonymous_146)
FNDA:0,(anonymous_147)
FNDA:0,(anonymous_148)
FNDA:0,(anonymous_149)
FNDA:0,(anonymous_150)
FNDA:0,(anonymous_151)
FNDA:0,(anonymous_152)
FNDA:0,(anonymous_153)
FNDA:0,(anonymous_154)
FNDA:0,(anonymous_155)
FNDA:0,(anonymous_156)
FNDA:0,(anonymous_157)
FNDA:0,(anonymous_158)
FNDA:0,(anonymous_159)
FNDA:0,(anonymous_160)
FNDA:0,(anonymous_161)
FNDA:0,(anonymous_162)
FNDA:0,(anonymous_163)
FNDA:0,(anonymous_164)
FNDA:0,(anonymous_165)
FNDA:0,(anonymous_166)
FNDA:0,(anonymous_167)
FNDA:0,(anonymous_168)
FNDA:0,(anonymous_169)
FNDA:0,(anonymous_170)
FNDA:0,(anonymous_171)
FNDA:0,(anonymous_172)
FNDA:0,(anonymous_173)
FNDA:0,(anonymous_174)
FNDA:0,(anonymous_175)
FNDA:0,(anonymous_176)
FNDA:0,(anonymous_177)
FNDA:0,(anonymous_178)
FNDA:0,(anonymous_179)
FNDA:0,(anonymous_180)
FNDA:0,(anonymous_181)
FNDA:0,(anonymous_182)
FNDA:0,(anonymous_183)
FNDA:0,(anonymous_184)
FNDA:0,(anonymous_185)
FNDA:0,(anonymous_186)
FNDA:0,(anonymous_187)
FNDA:0,(anonymous_188)
FNDA:0,(anonymous_189)
FNDA:0,(anonymous_190)
FNDA:0,(anonymous_191)
FNDA:0,(anonymous_192)
FNDA:0,(anonymous_193)
FNDA:0,(anonymous_194)
FNDA:0,(anonymous_195)
FNDA:0,(anonymous_196)
FNDA:0,(anonymous_197)
FNDA:0,(anonymous_198)
FNDA:0,(anonymous_199)
FNDA:0,(anonymous_200)
FNDA:0,(anonymous_201)
FNDA:0,(anonymous_202)
FNDA:0,(anonymous_203)
FNDA:0,(anonymous_204)
FNDA:0,(anonymous_205)
FNDA:0,(anonymous_206)
FNDA:0,(anonymous_207)
FNDA:0,(anonymous_208)
FNDA:0,(anonymous_209)
FNDA:0,(anonymous_210)
FNDA:0,(anonymous_211)
FNDA:0,(anonymous_212)
FNDA:0,(anonymous_213)
FNDA:0,(anonymous_214)
FNDA:0,(anonymous_215)
FNDA:0,(anonymous_216)
FNDA:0,(anonymous_217)
FNDA:0,(anonymous_218)
FNDA:0,(anonymous_219)
FNDA:0,(anonymous_220)
FNDA:0,(anonymous_221)
FNDA:0,(anonymous_222)
FNDA:0,(anonymous_223)
FNDA:0,(anonymous_224)
FNDA:0,(anonymous_225)
FNDA:0,(anonymous_226)
FNDA:0,(anonymous_227)
FNDA:0,(anonymous_228)
FNDA:0,(anonymous_229)
FNDA:0,(anonymous_230)
FNDA:0,(anonymous_231)
FNDA:0,(anonymous_232)
FNDA:0,(anonymous_233)
FNDA:0,(anonymous_234)
FNDA:0,(anonymous_235)
FNDA:0,(anonymous_236)
FNDA:0,(anonymous_237)
FNDA:0,(anonymous_238)
FNDA:0,(anonymous_239)
FNDA:0,(anonymous_240)
FNDA:0,(anonymous_241)
FNDA:0,(anonymous_242)
FNDA:0,(anonymous_243)
FNDA:0,(anonymous_244)
FNDA:0,(anonymous_245)
FNDA:0,(anonymous_246)
FNDA:0,(anonymous_247)
FNDA:0,(anonymous_248)
FNDA:0,(anonymous_249)
FNDA:0,(anonymous_250)
FNDA:0,(anonymous_251)
FNDA:0,(anonymous_252)
FNDA:0,(anonymous_253)
FNDA:0,(anonymous_254)
FNDA:0,(anonymous_255)
FNDA:0,(anonymous_256)
FNDA:0,(anonymous_257)
FNDA:0,(anonymous_258)
FNDA:0,(anonymous_259)
FNDA:0,(anonymous_260)
FNDA:0,(anonymous_261)
FNDA:0,(anonymous_262)
FNDA:0,(anonymous_263)
DA:2,0
DA:3,0
DA:4,0
DA:5,0
DA:6,0
DA:11,0
DA:13,0
DA:15,0
DA:16,0
DA:20,0
DA:22,0
DA:23,0
DA:24,0
DA:25,0
DA:27,0
DA:28,0
DA:29,0
DA:35,0
DA:39,0
DA:40,0
DA:41,0
DA:43,0
DA:44,0
DA:48,0
DA:50,0
DA:219,0
[...]
DA:3150,0
DA:3151,0
DA:3155,0
DA:3156,0
DA:3157,0
DA:3158,0
DA:3159,0
DA:3165,0
DA:3166,0
DA:3167,0
DA:3168,0
DA:3176,0
DA:3192,0
DA:3194,0
DA:3195,0
DA:3196,0
DA:3197,0
DA:3200,0
DA:3201,0
DA:3202,0
DA:3203,0
DA:3204,0
DA:3207,0
DA:3208,0
DA:3209,0
DA:3210,0
DA:3211,0
DA:3216,0
DA:3217,0
DA:3218,0
DA:3219,0
DA:3220,0
DA:3221,0
DA:3227,0
DA:3228,0
DA:3229,0
DA:3246,0
DA:3247,0
DA:3248,0
DA:3250,0
DA:3253,0
DA:3254,0
DA:3255,0
DA:3256,0
DA:3257,0
DA:3258,0
DA:3262,0
DA:3263,0
DA:3264,0
DA:3265,0
DA:3266,0
DA:3267,0
DA:3272,0
DA:3273,0
DA:3274,0
DA:3275,0
DA:3276,0
DA:3280,0
DA:3284,0
DA:3285,0
DA:3286,0
DA:3287,0
DA:3288,0
DA:3289,0
DA:3290,0
DA:3291,0
DA:3292,0
DA:3295,0
DA:3296,0
DA:3297,0
DA:3298,0
DA:3303,0
DA:3304,0
DA:3305,0
DA:3306,0
DA:3307,0
DA:3308,0
DA:3310,0
DA:3311,0
DA:3312,0
DA:3313,0
DA:3314,0
DA:3320,0
DA:3321,0
DA:3322,0
DA:3323,0
DA:3324,0
DA:3325,0
DA:3331,0
DA:3334,0
DA:3335,0
DA:3336,0
DA:3338,0
DA:3340,0
DA:3341,0
DA:3344,0
DA:3349,0
DA:3350,0
DA:3353,0
DA:3354,0
DA:3357,0
DA:3358,0
DA:3359,0
DA:3361,0
DA:3362,0
DA:3370,0
DA:3371,0
DA:3376,0
DA:3377,0
DA:3378,0
DA:3379,0
DA:3380,0
DA:3381,0
DA:3382,0
DA:3383,0
DA:3384,0
DA:3385,0
DA:3387,0
DA:3390,0
DA:3393,0
DA:3395,0
DA:3396,0
DA:3397,0
DA:3398,0
DA:3399,0
DA:3401,0
DA:3411,0
DA:3412,0
DA:3413,0
DA:3415,0
DA:3416,0
DA:3418,0
DA:3419,0
DA:3420,0
DA:3421,0
DA:3422,0
DA:3424,0
DA:3425,0
DA:3427,0
DA:3428,0
DA:3430,0
DA:3432,0
DA:3434,0
DA:3435,0
DA:3441,0
DA:3442,0
DA:3443,0
DA:3444,0
DA:3445,0
DA:3446,0
DA:3447,0
DA:3449,0
DA:3452,0
DA:3456,0
DA:3464,0
DA:3465,0
DA:3467,0
DA:3468,0
DA:3469,0
DA:3477,0
DA:3479,0
DA:3490,0
DA:3508,0
DA:3509,0
DA:3513,0
DA:3514,0
DA:3515,0
DA:3523,0
DA:3524,0
DA:3526,0
DA:3529,0
DA:3532,0
DA:3535,0
DA:3538,0
DA:3541,0
DA:3543,0
DA:3544,0
DA:3547,0
DA:3548,0
DA:3555,0
DA:3558,0
DA:3559,0
DA:3573,0
DA:3574,0
DA:3575,0
DA:3580,0
DA:3581,0
DA:3582,0
DA:3583,0
DA:3584,0
DA:3585,0
DA:3594,0
DA:3595,0
DA:3596,0
DA:3597,0
DA:3598,0
DA:3599,0
DA:3600,0
DA:3601,0
DA:3606,0
DA:3607,0
DA:3608,0
DA:3609,0
DA:3610,0
DA:3611,0
DA:3612,0
DA:3617,0
DA:3618,0
DA:3619,0
DA:3621,0
DA:3622,0
DA:3623,0
DA:3626,0
DA:3627,0
DA:3628,0
DA:3629,0
DA:3631,0
DA:3643,0
DA:3644,0
DA:3645,0
DA:3646,0
DA:3655,0
DA:3667,0
DA:3669,0
DA:3670,0
DA:3671,0
DA:3672,0
DA:3675,0
DA:3676,0
DA:3677,0
DA:3681,0
DA:3682,0
DA:3683,0
DA:3684,0
DA:3685,0
DA:3692,0
DA:3693,0
DA:3696,0
DA:3697,0
DA:3699,0
DA:3700,0
DA:3703,0
DA:3704,0
DA:3705,0
DA:3706,0
DA:3707,0
DA:3713,0
DA:3715,0
DA:3716,0
DA:3718,0
DA:3719,0
DA:3724,0
DA:3727,0
DA:3729,0
DA:3730,0
DA:3742,0
DA:3752,0
DA:3753,0
DA:3754,0
DA:3758,0
DA:3762,0
DA:3773,0
DA:3776,0
DA:3779,0
DA:3780,0
DA:3781,0
DA:3786,0
DA:3788,0
DA:3789,0
DA:3790,0
DA:3793,0
DA:3794,0
DA:3797,0
DA:3798,0
LF:1478
LH:0
BRDA:35,0,0,0
BRDA:35,0,1,0
BRDA:40,1,0,0
BRDA:48,2,0,0
BRDA:228,3,0,0
BRDA:228,4,0,0
BRDA:228,4,1,0
BRDA:231,5,0,0
BRDA:238,6,0,0
BRDA:238,7,0,0
BRDA:238,7,1,0
BRDA:251,8,0,0
BRDA:259,9,0,0
BRDA:266,10,0,0
BRDA:273,11,0,0
BRDA:280,12,0,0
BRDA:288,13,0,0
BRDA:296,14,0,0
BRDA:304,15,0,0
BRDA:314,16,0,0
BRDA:314,16,1,0
BRDA:315,17,0,0
BRDA:315,17,1,0
BRDA:315,18,0,0
BRDA:315,18,1,0
BRDA:319,19,0,0
BRDA:319,19,1,0
BRDA:329,20,0,0
BRDA:341,21,0,0
BRDA:360,22,0,0
BRDA:369,23,0,0
BRDA:374,24,0,0
BRDA:382,25,0,0
BRDA:382,25,1,0
BRDA:386,26,0,0
BRDA:387,27,0,0
BRDA:387,27,1,0
BRDA:387,28,0,0
BRDA:387,28,1,0
BRDA:395,29,0,0
BRDA:400,30,0,0
BRDA:406,31,0,0
BRDA:412,32,0,0
BRDA:417,33,0,0
BRDA:427,34,0,0
BRDA:441,35,0,0
BRDA:454,36,0,0
BRDA:454,36,1,0
BRDA:459,37,0,0
BRDA:459,37,1,0
BRDA:468,38,0,0
BRDA:472,39,0,0
BRDA:478,40,0,0
BRDA:486,41,0,0
BRDA:502,42,0,0
BRDA:503,43,0,0
BRDA:507,44,0,0
BRDA:516,45,0,0
BRDA:517,46,0,0
BRDA:524,47,0,0
BRDA:534,48,0,0
BRDA:535,49,0,0
BRDA:536,50,0,0
BRDA:536,50,1,0
BRDA:548,51,0,0
BRDA:574,52,0,0
BRDA:574,53,0,0
BRDA:574,53,1,0
BRDA:575,54,0,0
BRDA:575,54,1,0
BRDA:588,55,0,0
BRDA:588,56,0,0
BRDA:588,56,1,0
BRDA:588,56,2,0
BRDA:588,56,3,0
BRDA:588,56,4,0
BRDA:601,57,0,0
BRDA:609,58,0,0
BRDA:609,58,1,0
BRDA:610,59,0,0
BRDA:610,59,1,0
BRDA:610,60,0,0
BRDA:610,60,1,0
BRDA:612,61,0,0
BRDA:612,61,1,0
BRDA:622,62,0,0
BRDA:632,63,0,0
BRDA:632,64,0,0
BRDA:632,64,1,0
BRDA:646,65,0,0
BRDA:649,66,0,0
BRDA:658,67,0,0
BRDA:661,68,0,0
BRDA:661,68,1,0
BRDA:664,69,0,0
BRDA:664,69,1,0
BRDA:664,70,0,0
BRDA:664,70,1,0
BRDA:667,71,0,0
BRDA:667,71,1,0
BRDA:672,72,0,0
BRDA:672,72,1,0
BRDA:677,73,0,0
BRDA:677,73,1,0
BRDA:678,74,0,0
BRDA:678,74,1,0
BRDA:693,75,0,0
BRDA:704,76,0,0
BRDA:716,77,0,0
BRDA:716,77,1,0
BRDA:730,78,0,0
BRDA:731,79,0,0
BRDA:736,80,0,0
BRDA:736,80,1,0
BRDA:743,81,0,0
BRDA:744,82,0,0
BRDA:745,83,0,0
BRDA:752,84,0,0
BRDA:765,85,0,0
BRDA:770,86,0,0
BRDA:775,87,0,0
BRDA:777,88,0,0
BRDA:779,89,0,0
BRDA:783,90,0,0
BRDA:789,91,0,0
BRDA:793,92,0,0
BRDA:800,93,0,0
BRDA:804,94,0,0
BRDA:804,94,1,0
BRDA:805,95,0,0
BRDA:805,95,1,0
BRDA:806,96,0,0
BRDA:806,97,0,0
BRDA:806,97,1,0
BRDA:807,98,0,0
BRDA:807,98,1,0
BRDA:813,99,0,0
BRDA:813,99,1,0
BRDA:813,100,0,0
BRDA:813,100,1,0
BRDA:814,101,0,0
BRDA:814,102,0,0
BRDA:814,102,1,0
BRDA:818,103,0,0
BRDA:823,104,0,0
BRDA:823,104,1,0
BRDA:840,105,0,0
BRDA:840,105,1,0
BRDA:842,106,0,0
BRDA:842,106,1,0
BRDA:842,107,0,0
BRDA:842,107,1,0
BRDA:845,108,0,0
BRDA:845,108,1,0
BRDA:845,109,0,0
BRDA:845,109,1,0
BRDA:855,110,0,0
BRDA:855,110,1,0
BRDA:860,111,0,0
BRDA:860,111,1,0
BRDA:866,112,0,0
BRDA:866,112,1,0
BRDA:868,113,0,0
BRDA:868,113,1,0
BRDA:874,114,0,0
BRDA:874,114,1,0
BRDA:878,115,0,0
BRDA:878,115,1,0
BRDA:884,116,0,0
BRDA:884,116,1,0
BRDA:900,117,0,0
BRDA:900,117,1,0
BRDA:913,118,0,0
BRDA:913,118,1,0
BRDA:916,119,0,0
BRDA:916,119,1,0
BRDA:916,120,0,0
BRDA:916,120,1,0
BRDA:920,121,0,0
BRDA:920,121,1,0
BRDA:925,122,0,0
BRDA:925,122,1,0
BRDA:927,123,0,0
BRDA:927,123,1,0
BRDA:930,124,0,0
BRDA:930,124,1,0
BRDA:931,125,0,0
BRDA:931,125,1,0
BRDA:934,126,0,0
BRDA:934,126,1,0
BRDA:936,127,0,0
BRDA:936,127,1,0
BRDA:938,128,0,0
BRDA:938,128,1,0
BRDA:941,129,0,0
BRDA:941,129,1,0
BRDA:942,130,0,0
BRDA:942,130,1,0
BRDA:946,131,0,0
BRDA:946,131,1,0
BRDA:949,132,0,0
BRDA:949,132,1,0
BRDA:952,133,0,0
BRDA:952,133,1,0
BRDA:952,134,0,0
BRDA:952,134,1,0
BRDA:961,135,0,0
BRDA:961,135,1,0
BRDA:963,136,0,0
BRDA:963,136,1,0
BRDA:967,137,0,0
BRDA:967,137,1,0
BRDA:969,138,0,0
BRDA:969,138,1,0
BRDA:976,139,0,0
BRDA:984,140,0,0
BRDA:984,140,1,0
BRDA:985,141,0,0
BRDA:985,141,1,0
BRDA:987,142,0,0
BRDA:987,143,0,0
BRDA:987,143,1,0
BRDA:987,143,2,0
BRDA:988,144,0,0
BRDA:988,145,0,0
BRDA:988,145,1,0
BRDA:990,146,0,0
BRDA:991,147,0,0
BRDA:991,147,1,0
BRDA:991,148,0,0
BRDA:991,148,1,0
BRDA:994,149,0,0
BRDA:994,149,1,0
BRDA:1006,150,0,0
BRDA:1006,150,1,0
BRDA:1011,151,0,0
BRDA:1014,152,0,0
BRDA:1014,152,1,0
BRDA:1023,153,0,0
BRDA:1023,153,1,0
BRDA:1024,154,0,0
BRDA:1028,155,0,0
BRDA:1036,156,0,0
BRDA:1047,157,0,0
BRDA:1049,158,0,0
BRDA:1049,158,1,0
BRDA:1050,159,0,0
BRDA:1050,159,1,0
BRDA:1050,160,0,0
BRDA:1050,160,1,0
BRDA:1051,161,0,0
BRDA:1051,161,1,0
BRDA:1058,162,0,0
BRDA:1058,162,1,0
BRDA:1058,163,0,0
BRDA:1058,163,1,0
BRDA:1062,164,0,0
BRDA:1062,164,1,0
BRDA:1076,165,0,0
BRDA:1084,166,0,0
BRDA:1089,167,0,0
BRDA:1095,168,0,0
BRDA:1099,169,0,0
BRDA:1107,170,0,0
BRDA:1107,170,1,0
BRDA:1125,171,0,0
BRDA:1126,172,0,0
BRDA:1127,173,0,0
BRDA:1128,174,0,0
BRDA:1133,175,0,0
BRDA:1135,176,0,0
BRDA:1138,177,0,0
BRDA:1139,178,0,0
BRDA:1140,179,0,0
BRDA:1141,180,0,0
BRDA:1146,181,0,0
BRDA:1152,182,0,0
BRDA:1152,182,1,0
BRDA:1156,183,0,0
BRDA:1156,183,1,0
BRDA:1157,184,0,0
BRDA:1157,184,1,0
BRDA:1158,185,0,0
BRDA:1158,186,0,0
BRDA:1158,186,1,0
BRDA:1162,187,0,0
BRDA:1162,187,1,0
BRDA:1168,188,0,0
BRDA:1176,189,0,0
BRDA:1176,189,1,0
BRDA:1177,190,0,0
BRDA:1177,190,1,0
BRDA:1180,191,0,0
BRDA:1180,191,1,0
BRDA:1180,192,0,0
BRDA:1180,192,1,0
BRDA:1180,192,2,0
BRDA:1190,193,0,0
BRDA:1190,193,1,0
BRDA:1192,194,0,0
BRDA:1192,194,1,0
BRDA:1205,195,0,0
BRDA:1211,196,0,0
BRDA:1211,196,1,0
BRDA:1212,197,0,0
BRDA:1212,197,1,0
BRDA:1215,198,0,0
BRDA:1215,198,1,0
BRDA:1227,199,0,0
BRDA:1227,199,1,0
BRDA:1230,200,0,0
BRDA:1230,200,1,0
BRDA:1232,201,0,0
BRDA:1232,201,1,0
BRDA:1236,202,0,0
BRDA:1236,202,1,0
BRDA:1237,203,0,0
BRDA:1237,203,1,0
BRDA:1240,204,0,0
BRDA:1240,204,1,0
BRDA:1241,205,0,0
BRDA:1241,205,1,0
BRDA:1253,206,0,0
BRDA:1263,207,0,0
BRDA:1263,207,1,0
BRDA:1269,208,0,0
BRDA:1277,209,0,0
BRDA:1281,210,0,0
BRDA:1281,211,0,0
BRDA:1281,211,1,0
BRDA:1293,212,0,0
BRDA:1297,213,0,0
BRDA:1308,214,0,0
BRDA:1308,215,0,0
BRDA:1308,215,1,0
BRDA:1314,216,0,0
BRDA:1322,217,0,0
BRDA:1322,218,0,0
BRDA:1322,218,1,0
BRDA:1382,219,0,0
BRDA:1382,219,1,0
BRDA:1382,220,0,0
BRDA:1382,220,1,0
BRDA:1382,220,2,0
BRDA:1401,221,0,0
BRDA:1403,222,0,0
BRDA:1403,222,1,0
BRDA:1406,223,0,0
BRDA:1406,223,1,0
BRDA:1421,224,0,0
BRDA:1426,225,0,0
BRDA:1426,225,1,0
BRDA:1426,226,0,0
BRDA:1426,226,1,0
BRDA:1426,226,2,0
BRDA:1438,227,0,0
BRDA:1458,228,0,0
BRDA:1458,229,0,0
BRDA:1458,229,1,0
BRDA:1459,230,0,0
BRDA:1459,230,1,0
BRDA:1460,231,0,0
BRDA:1460,232,0,0
BRDA:1460,232,1,0
BRDA:1461,233,0,0
BRDA:1461,233,1,0
BRDA:1484,234,0,0
BRDA:1487,235,0,0
BRDA:1492,236,0,0
BRDA:1498,237,0,0
BRDA:1498,237,1,0
BRDA:1504,238,0,0
BRDA:1506,239,0,0
BRDA:1506,240,0,0
BRDA:1506,240,1,0
BRDA:1514,241,0,0
BRDA:1514,241,1,0
BRDA:1514,241,2,0
BRDA:1514,241,3,0
BRDA:1517,242,0,0
BRDA:1517,242,1,0
BRDA:1529,243,0,0
BRDA:1529,243,1,0
BRDA:1544,244,0,0
BRDA:1544,244,1,0
BRDA:1544,245,0,0
BRDA:1544,245,1,0
BRDA:1545,246,0,0
BRDA:1545,246,1,0
BRDA:1551,247,0,0
BRDA:1551,247,1,0
BRDA:1551,248,0,0
BRDA:1551,248,1,0
BRDA:1558,249,0,0
BRDA:1558,249,1,0
BRDA:1558,250,0,0
BRDA:1558,250,1,0
BRDA:1562,251,0,0
BRDA:1562,251,1,0
BRDA:1562,252,0,0
BRDA:1562,252,1,0
BRDA:1570,253,0,0
BRDA:1575,254,0,0
BRDA:1575,255,0,0
BRDA:1575,255,1,0
BRDA:1585,256,0,0
BRDA:1588,257,0,0
BRDA:1600,258,0,0
BRDA:1600,258,1,0
BRDA:1609,259,0,0
BRDA:1609,260,0,0
BRDA:1609,260,1,0
BRDA:1615,261,0,0
BRDA:1621,262,0,0
BRDA:1621,262,1,0
BRDA:1625,263,0,0
BRDA:1625,263,1,0
BRDA:1628,264,0,0
BRDA:1632,265,0,0
BRDA:1632,265,1,0
BRDA:1635,266,0,0
BRDA:1639,267,0,0
BRDA:1639,267,1,0
BRDA:1641,268,0,0
BRDA:1645,269,0,0
BRDA:1645,269,1,0
BRDA:1647,270,0,0
BRDA:1647,270,1,0
BRDA:1652,271,0,0
BRDA:1659,272,0,0
BRDA:1679,273,0,0
BRDA:1679,273,1,0
BRDA:1680,274,0,0
BRDA:1680,274,1,0
BRDA:1684,275,0,0
BRDA:1684,275,1,0
BRDA:1695,276,0,0
BRDA:1695,276,1,0
BRDA:1708,277,0,0
BRDA:1708,277,1,0
BRDA:1708,278,0,0
BRDA:1708,278,1,0
BRDA:1715,279,0,0
BRDA:1715,279,1,0
BRDA:1716,280,0,0
BRDA:1716,280,1,0
BRDA:1717,281,0,0
BRDA:1717,281,1,0
BRDA:1718,282,0,0
BRDA:1718,282,1,0
BRDA:1719,283,0,0
BRDA:1719,283,1,0
BRDA:1724,284,0,0
BRDA:1724,284,1,0
BRDA:1725,285,0,0
BRDA:1725,285,1,0
BRDA:1726,286,0,0
BRDA:1726,286,1,0
BRDA:1727,287,0,0
BRDA:1727,287,1,0
BRDA:1728,288,0,0
BRDA:1728,288,1,0
BRDA:1744,289,0,0
BRDA:1744,289,1,0
BRDA:1756,290,0,0
BRDA:1756,290,1,0
BRDA:1757,291,0,0
BRDA:1757,291,1,0
BRDA:1760,292,0,0
BRDA:1760,292,1,0
BRDA:1765,293,0,0
BRDA:1765,293,1,0
BRDA:1769,294,0,0
BRDA:1781,295,0,0
BRDA:1781,295,1,0
BRDA:1784,296,0,0
BRDA:1785,297,0,0
BRDA:1785,297,1,0
BRDA:1788,298,0,0
BRDA:1789,299,0,0
BRDA:1789,299,1,0
BRDA:1791,300,0,0
BRDA:1792,301,0,0
BRDA:1792,301,1,0
BRDA:1794,302,0,0
BRDA:1794,302,1,0
BRDA:1799,303,0,0
BRDA:1803,304,0,0
BRDA:1810,305,0,0
BRDA:1815,306,0,0
BRDA:1829,307,0,0
BRDA:1829,307,1,0
BRDA:1831,308,0,0
BRDA:1831,308,1,0
BRDA:1833,309,0,0
BRDA:1833,309,1,0
BRDA:1834,310,0,0
BRDA:1834,310,1,0
BRDA:1840,311,0,0
BRDA:1840,311,1,0
BRDA:1854,312,0,0
BRDA:1854,312,1,0
BRDA:1859,313,0,0
BRDA:1859,313,1,0
BRDA:1859,314,0,0
BRDA:1859,314,1,0
BRDA:1862,315,0,0
BRDA:1862,315,1,0
BRDA:1862,316,0,0
BRDA:1862,316,1,0
BRDA:1866,317,0,0
BRDA:1866,317,1,0
BRDA:1872,318,0,0
BRDA:1872,318,1,0
BRDA:1878,319,0,0
BRDA:1878,319,1,0
BRDA:1880,320,0,0
BRDA:1880,320,1,0
BRDA:1880,321,0,0
BRDA:1880,321,1,0
BRDA:1881,322,0,0
BRDA:1881,322,1,0
BRDA:1881,322,2,0
BRDA:1892,323,0,0
BRDA:1892,323,1,0
BRDA:1894,324,0,0
BRDA:1894,324,1,0
BRDA:1916,325,0,0
BRDA:1916,325,1,0
BRDA:1962,326,0,0
BRDA:1962,326,1,0
BRDA:1965,327,0,0
BRDA:1968,328,0,0
BRDA:1968,328,1,0
BRDA:1978,329,0,0
BRDA:1985,330,0,0
BRDA:1985,330,1,0
BRDA:1993,331,0,0
BRDA:1993,331,1,0
BRDA:2001,332,0,0
BRDA:2001,332,1,0
BRDA:2002,333,0,0
BRDA:2002,333,1,0
BRDA:2045,334,0,0
BRDA:2045,334,1,0
BRDA:2056,335,0,0
BRDA:2056,336,0,0
BRDA:2056,336,1,0
BRDA:2060,337,0,0
BRDA:2060,337,1,0
BRDA:2064,338,0,0
BRDA:2064,339,0,0
BRDA:2064,339,1,0
BRDA:2066,340,0,0
BRDA:2074,341,0,0
BRDA:2074,341,1,0
BRDA:2075,342,0,0
BRDA:2075,342,1,0
BRDA:2086,343,0,0
BRDA:2086,343,1,0
BRDA:2106,344,0,0
BRDA:2106,344,1,0
BRDA:2108,345,0,0
BRDA:2108,345,1,0
BRDA:2111,346,0,0
BRDA:2111,346,1,0
BRDA:2112,347,0,0
BRDA:2114,348,0,0
BRDA:2114,348,1,0
BRDA:2125,349,0,0
BRDA:2125,349,1,0
BRDA:2125,350,0,0
BRDA:2125,350,1,0
BRDA:2129,351,0,0
BRDA:2133,352,0,0
BRDA:2157,353,0,0
BRDA:2157,353,1,0
BRDA:2168,354,0,0
BRDA:2168,354,1,0
BRDA:2171,355,0,0
BRDA:2171,355,1,0
BRDA:2181,356,0,0
BRDA:2181,356,1,0
BRDA:2181,357,0,0
BRDA:2181,357,1,0
BRDA:2190,358,0,0
BRDA:2190,358,1,0
BRDA:2221,359,0,0
BRDA:2221,359,1,0
BRDA:2231,360,0,0
BRDA:2231,360,1,0
BRDA:2245,361,0,0
BRDA:2245,361,1,0
BRDA:2253,362,0,0
BRDA:2253,362,1,0
BRDA:2257,363,0,0
BRDA:2257,363,1,0
BRDA:2290,364,0,0
BRDA:2292,365,0,0
BRDA:2306,366,0,0
BRDA:2306,366,1,0
BRDA:2308,367,0,0
BRDA:2317,368,0,0
BRDA:2335,369,0,0
BRDA:2335,369,1,0
BRDA:2338,370,0,0
BRDA:2340,371,0,0
BRDA:2340,371,1,0
BRDA:2342,372,0,0
BRDA:2342,372,1,0
BRDA:2349,373,0,0
BRDA:2350,374,0,0
BRDA:2350,374,1,0
BRDA:2352,375,0,0
BRDA:2353,376,0,0
BRDA:2353,376,1,0
BRDA:2358,377,0,0
BRDA:2359,378,0,0
BRDA:2359,378,1,0
BRDA:2360,379,0,0
BRDA:2360,379,1,0
BRDA:2361,380,0,0
BRDA:2361,380,1,0
BRDA:2364,381,0,0
BRDA:2364,381,1,0
BRDA:2375,382,0,0
BRDA:2385,383,0,0
BRDA:2387,384,0,0
BRDA:2390,385,0,0
BRDA:2401,386,0,0
BRDA:2402,387,0,0
BRDA:2410,388,0,0
BRDA:2442,389,0,0
BRDA:2442,389,1,0
BRDA:2442,389,2,0
BRDA:2443,390,0,0
BRDA:2443,390,1,0
BRDA:2443,390,2,0
BRDA:2444,391,0,0
BRDA:2444,391,1,0
BRDA:2444,391,2,0
BRDA:2445,392,0,0
BRDA:2445,392,1,0
BRDA:2445,392,2,0
BRDA:2452,393,0,0
BRDA:2452,394,0,0
BRDA:2452,394,1,0
BRDA:2463,395,0,0
BRDA:2464,396,0,0
BRDA:2464,397,0,0
BRDA:2464,397,1,0
BRDA:2465,398,0,0
BRDA:2465,399,0,0
BRDA:2465,399,1,0
BRDA:2465,399,2,0
BRDA:2478,400,0,0
BRDA:2480,401,0,0
BRDA:2480,402,0,0
BRDA:2480,402,1,0
BRDA:2480,402,2,0
BRDA:2501,403,0,0
BRDA:2501,403,1,0
BRDA:2502,404,0,0
BRDA:2502,404,1,0
BRDA:2511,405,0,0
BRDA:2513,406,0,0
BRDA:2515,407,0,0
BRDA:2515,407,1,0
BRDA:2519,408,0,0
BRDA:2526,409,0,0
BRDA:2526,409,1,0
BRDA:2544,410,0,0
BRDA:2546,411,0,0
BRDA:2546,411,1,0
BRDA:2555,412,0,0
BRDA:2555,412,1,0
BRDA:2558,413,0,0
BRDA:2558,414,0,0
BRDA:2558,414,1,0
BRDA:2574,415,0,0
BRDA:2580,416,0,0
BRDA:2580,416,1,0
BRDA:2580,417,0,0
BRDA:2580,417,1,0
BRDA:2583,418,0,0
BRDA:2586,419,0,0
BRDA:2586,419,1,0
BRDA:2586,420,0,0
BRDA:2586,420,1,0
BRDA:2586,420,2,0
BRDA:2592,421,0,0
BRDA:2592,422,0,0
BRDA:2592,422,1,0
BRDA:2603,423,0,0
BRDA:2603,423,1,0
BRDA:2625,424,0,0
BRDA:2625,424,1,0
BRDA:2640,425,0,0
BRDA:2640,425,1,0
BRDA:2640,426,0,0
BRDA:2640,426,1,0
BRDA:2640,427,0,0
BRDA:2640,427,1,0
BRDA:2640,428,0,0
BRDA:2640,428,1,0
BRDA:2641,429,0,0
BRDA:2641,429,1,0
BRDA:2641,430,0,0
BRDA:2641,430,1,0
BRDA:2646,431,0,0
BRDA:2646,431,1,0
BRDA:2660,432,0,0
BRDA:2660,432,1,0
BRDA:2662,433,0,0
BRDA:2662,433,1,0
BRDA:2695,434,0,0
BRDA:2697,435,0,0
BRDA:2711,436,0,0
BRDA:2726,437,0,0
BRDA:2736,438,0,0
BRDA:2738,439,0,0
BRDA:2739,440,0,0
BRDA:2749,441,0,0
BRDA:2751,442,0,0
BRDA:2753,443,0,0
BRDA:2764,444,0,0
BRDA:2765,445,0,0
BRDA:2774,446,0,0
BRDA:2779,447,0,0
BRDA:2790,448,0,0
BRDA:2795,449,0,0
BRDA:2801,450,0,0
BRDA:2806,451,0,0
BRDA:2807,452,0,0
BRDA:2807,452,1,0
BRDA:2809,453,0,0
BRDA:2818,454,0,0
BRDA:2842,455,0,0
BRDA:2845,456,0,0
BRDA:2851,457,0,0
BRDA:2862,458,0,0
BRDA:2862,458,1,0
BRDA:2865,459,0,0
BRDA:2865,459,1,0
BRDA:2887,460,0,0
BRDA:2892,461,0,0
BRDA:2892,461,1,0
BRDA:2896,462,0,0
BRDA:2896,462,1,0
BRDA:2899,463,0,0
BRDA:2899,463,1,0
BRDA:2902,464,0,0
BRDA:2902,464,1,0
BRDA:2916,465,0,0
BRDA:2916,465,1,0
BRDA:2916,466,0,0
BRDA:2916,466,1,0
BRDA:2920,467,0,0
BRDA:2920,467,1,0
BRDA:2924,468,0,0
BRDA:2924,468,1,0
BRDA:2960,469,0,0
BRDA:2960,469,1,0
BRDA:2968,470,0,0
BRDA:2968,470,1,0
BRDA:2975,471,0,0
BRDA:2977,472,0,0
BRDA:2977,472,1,0
BRDA:2977,473,0,0
BRDA:2977,473,1,0
BRDA:2977,473,2,0
BRDA:2981,474,0,0
BRDA:2983,475,0,0
BRDA:2983,476,0,0
BRDA:2983,476,1,0
BRDA:2985,477,0,0
BRDA:2985,478,0,0
BRDA:2985,478,1,0
BRDA:2990,479,0,0
BRDA:2992,480,0,0
BRDA:2992,481,0,0
BRDA:2992,481,1,0
BRDA:3003,482,0,0
BRDA:3003,483,0,0
BRDA:3003,483,1,0
BRDA:3005,484,0,0
BRDA:3010,485,0,0
BRDA:3011,486,0,0
BRDA:3011,486,1,0
BRDA:3012,487,0,0
BRDA:3012,487,1,0
BRDA:3013,488,0,0
BRDA:3018,489,0,0
BRDA:3021,490,0,0
BRDA:3021,490,1,0
BRDA:3026,491,0,0
BRDA:3026,491,1,0
BRDA:3030,492,0,0
BRDA:3042,493,0,0
BRDA:3043,494,0,0
BRDA:3043,495,0,0
BRDA:3043,495,1,0
BRDA:3047,496,0,0
BRDA:3047,496,1,0
BRDA:3049,497,0,0
BRDA:3049,497,1,0
BRDA:3051,498,0,0
BRDA:3051,498,1,0
BRDA:3053,499,0,0
BRDA:3053,499,1,0
BRDA:3055,500,0,0
BRDA:3055,500,1,0
BRDA:3061,501,0,0
BRDA:3061,502,0,0
BRDA:3061,502,1,0
BRDA:3073,503,0,0
BRDA:3073,503,1,0
BRDA:3076,504,0,0
BRDA:3076,504,1,0
BRDA:3077,505,0,0
BRDA:3083,506,0,0
BRDA:3084,507,0,0
BRDA:3085,508,0,0
BRDA:3086,509,0,0
BRDA:3087,510,0,0
BRDA:3087,511,0,0
BRDA:3087,511,1,0
BRDA:3087,511,2,0
BRDA:3088,512,0,0
BRDA:3092,513,0,0
BRDA:3094,514,0,0
BRDA:3100,515,0,0
BRDA:3101,516,0,0
BRDA:3102,517,0,0
BRDA:3102,518,0,0
BRDA:3102,518,1,0
BRDA:3103,519,0,0
BRDA:3104,520,0,0
BRDA:3108,521,0,0
BRDA:3114,522,0,0
BRDA:3119,523,0,0
BRDA:3119,524,0,0
BRDA:3119,524,1,0
BRDA:3122,525,0,0
BRDA:3142,526,0,0
BRDA:3149,527,0,0
BRDA:3149,527,1,0
BRDA:3158,528,0,0
BRDA:3179,529,0,0
BRDA:3179,529,1,0
BRDA:3217,530,0,0
BRDA:3217,530,1,0
BRDA:3217,531,0,0
BRDA:3217,531,1,0
BRDA:3243,532,0,0
BRDA:3243,532,1,0
BRDA:3247,533,0,0
BRDA:3247,533,1,0
BRDA:3256,534,0,0
BRDA:3256,535,0,0
BRDA:3256,535,1,0
BRDA:3256,535,2,0
BRDA:3256,535,3,0
BRDA:3258,536,0,0
BRDA:3272,537,0,0
BRDA:3285,538,0,0
BRDA:3286,539,0,0
BRDA:3286,539,1,0
BRDA:3290,540,0,0
BRDA:3296,541,0,0
BRDA:3298,542,0,0
BRDA:3307,543,0,0
BRDA:3311,544,0,0
BRDA:3314,545,0,0
BRDA:3324,546,0,0
BRDA:3324,547,0,0
BRDA:3324,547,1,0
BRDA:3336,548,0,0
BRDA:3357,549,0,0
BRDA:3357,550,0,0
BRDA:3357,550,1,0
BRDA:3361,551,0,0
BRDA:3379,552,0,0
BRDA:3379,552,1,0
BRDA:3382,553,0,0
BRDA:3382,553,1,0
BRDA:3383,554,0,0
BRDA:3383,554,1,0
BRDA:3384,555,0,0
BRDA:3384,555,1,0
BRDA:3385,556,0,0
BRDA:3387,557,0,0
BRDA:3387,557,1,0
BRDA:3387,558,0,0
BRDA:3387,558,1,0
BRDA:3395,559,0,0
BRDA:3395,559,1,0
BRDA:3396,560,0,0
BRDA:3396,560,1,0
BRDA:3397,561,0,0
BRDA:3412,562,0,0
BRDA:3412,562,1,0
BRDA:3413,563,0,0
BRDA:3413,563,1,0
BRDA:3421,564,0,0
BRDA:3421,565,0,0
BRDA:3421,565,1,0
BRDA:3434,566,0,0
BRDA:3441,567,0,0
BRDA:3441,567,1,0
BRDA:3444,568,0,0
BRDA:3444,568,1,0
BRDA:3447,569,0,0
BRDA:3465,570,0,0
BRDA:3465,570,1,0
BRDA:3468,571,0,0
BRDA:3473,572,0,0
BRDA:3473,572,1,0
BRDA:3474,573,0,0
BRDA:3474,573,1,0
BRDA:3514,574,0,0
BRDA:3541,575,0,0
BRDA:3543,576,0,0
BRDA:3544,577,0,0
BRDA:3544,577,1,0
BRDA:3547,578,0,0
BRDA:3547,578,1,0
BRDA:3560,579,0,0
BRDA:3560,579,1,0
BRDA:3564,580,0,0
BRDA:3564,580,1,0
BRDA:3574,581,0,0
BRDA:3583,582,0,0
BRDA:3583,582,1,0
BRDA:3584,583,0,0
BRDA:3597,584,0,0
BRDA:3601,585,0,0
BRDA:3608,586,0,0
BRDA:3619,587,0,0
BRDA:3619,587,1,0
BRDA:3619,587,2,0
BRDA:3626,588,0,0
BRDA:3626,588,1,0
BRDA:3628,589,0,0
BRDA:3628,589,1,0
BRDA:3670,590,0,0
BRDA:3672,591,0,0
BRDA:3676,592,0,0
BRDA:3677,593,0,0
BRDA:3684,594,0,0
BRDA:3685,595,0,0
BRDA:3697,596,0,0
BRDA:3700,597,0,0
BRDA:3703,598,0,0
BRDA:3706,599,0,0
BRDA:3706,599,1,0
BRDA:3713,600,0,0
BRDA:3716,601,0,0
BRDA:3718,602,0,0
BRDA:3731,603,0,0
BRDA:3731,603,1,0
BRDA:3758,604,0,0
BRDA:3758,604,1,0
BRDA:3766,605,0,0
BRDA:3766,605,1,0
BRDA:3767,606,0,0
BRDA:3767,606,1,0
BRDA:3768,607,0,0
BRDA:3768,607,1,0
BRDA:3769,608,0,0
BRDA:3769,608,1,0
BRDA:3769,609,0,0
BRDA:3769,609,1,0
BRDA:3779,610,0,0
BRDA:3780,611,0,0
BRDA:3780,611,1,0
BRDA:3788,612,0,0
BRDA:3793,613,0,0
BRF:978
BRH:0
end_of_record
